

Microchip MPLAB XC8 Assembler V2.32 build 20210201212658 
                                                                                               Wed Apr 14 22:45:42 2021

Microchip MPLAB XC8 C Compiler v2.32 (Free license) build 20210201212658 Og1 
     1                           	processor	16F887
     2                           	pagewidth 120
     3                           	opt	flic
     4                           	psect	nvCOMMON,global,class=COMMON,space=1,delta=1,noexec
     5                           	psect	nvBANK0,global,class=BANK0,space=1,delta=1,noexec
     6                           	psect	cinit,global,class=CODE,merge=1,delta=2
     7                           	psect	bssCOMMON,global,class=COMMON,space=1,delta=1,noexec
     8                           	psect	cstackCOMMON,global,class=COMMON,space=1,delta=1,noexec
     9                           	psect	cstackBANK0,global,class=BANK0,space=1,delta=1,noexec
    10                           	psect	maintext,global,class=CODE,split=1,delta=2
    11                           	psect	text1,local,class=CODE,merge=1,delta=2
    12                           	psect	text2,local,class=CODE,merge=1,delta=2
    13                           	psect	text3,local,class=CODE,merge=1,delta=2
    14                           	psect	text4,local,class=CODE,merge=1,delta=2
    15                           	psect	text5,local,class=CODE,merge=1,delta=2,group=1
    16                           	psect	text6,local,class=CODE,merge=1,delta=2,group=1
    17                           	psect	text7,local,class=CODE,merge=1,delta=2
    18                           	psect	intentry,global,class=CODE,delta=2
    19                           	psect	config,global,abs,ovrld,class=CONFIG,space=4,delta=2,noexec
    20                           	dabs	1,0x7E,2
    21  0000                     
    22                           ; Version 2.20
    23                           ; Generated 12/02/2020 GMT
    24                           ; 
    25                           ; Copyright © 2020, Microchip Technology Inc. and its subsidiaries ("Microchip")
    26                           ; All rights reserved.
    27                           ; 
    28                           ; This software is developed by Microchip Technology Inc. and its subsidiaries ("Microch
      +                          ip").
    29                           ; 
    30                           ; Redistribution and use in source and binary forms, with or without modification, are
    31                           ; permitted provided that the following conditions are met:
    32                           ; 
    33                           ;     1. Redistributions of source code must retain the above copyright notice, this lis
      +                          t of
    34                           ;        conditions and the following disclaimer.
    35                           ; 
    36                           ;     2. Redistributions in binary form must reproduce the above copyright notice, this 
      +                          list
    37                           ;        of conditions and the following disclaimer in the documentation and/or other
    38                           ;        materials provided with the distribution.
    39                           ; 
    40                           ;     3. Microchip's name may not be used to endorse or promote products derived from th
      +                          is
    41                           ;        software without specific prior written permission.
    42                           ; 
    43                           ; THIS SOFTWARE IS PROVIDED BY MICROCHIP "AS IS" AND ANY EXPRESS OR IMPLIED WARRANTIES,
    44                           ; INCLUDING, BUT NOT LIMITED TO, THE IMPLIED WARRANTIES OF MERCHANTABILITY AND FITNESS F
      +                          OR
    45                           ; PURPOSE ARE DISCLAIMED.  IN NO EVENT SHALL MICROCHIP BE LIABLE FOR ANY DIRECT, INDIREC
      +                          T,
    46                           ; INCIDENTAL, SPECIAL, EXEMPLARY, OR CONSEQUENTIAL DAMAGES (INCLUDING BUT NOT LIMITED TO
    47                           ; PROCUREMENT OF SUBSTITUTE GOODS OR SERVICES; LOSS OF USE, DATA OR PROFITS; OR BUSINESS
    48                           ; INTERRUPTION) HOWSOEVER CAUSED AND ON ANY THEORY OF LIABILITY, WHETHER IN CONTRACT, ST
      +                          RICT
    49                           ; LIABILITY, OR TORT (INCLUDING NEGLIGENCE OR OTHERWISE) ARISING IN ANY WAY OUT OF THE U
      +                          SE OF
    50                           ; THIS SOFTWARE, EVEN IF ADVISED OF THE POSSIBILITY OF SUCH DAMAGE.
    51                           ; 
    52                           ; 
    53                           ; Code-generator required, PIC16F887 Definitions
    54                           ; 
    55                           ; SFR Addresses
    56  0000                     	;# 
    57  0001                     	;# 
    58  0002                     	;# 
    59  0003                     	;# 
    60  0004                     	;# 
    61  0005                     	;# 
    62  0006                     	;# 
    63  0007                     	;# 
    64  0008                     	;# 
    65  0009                     	;# 
    66  000A                     	;# 
    67  000B                     	;# 
    68  000C                     	;# 
    69  000D                     	;# 
    70  000E                     	;# 
    71  000E                     	;# 
    72  000F                     	;# 
    73  0010                     	;# 
    74  0011                     	;# 
    75  0012                     	;# 
    76  0013                     	;# 
    77  0014                     	;# 
    78  0015                     	;# 
    79  0015                     	;# 
    80  0016                     	;# 
    81  0017                     	;# 
    82  0018                     	;# 
    83  0019                     	;# 
    84  001A                     	;# 
    85  001B                     	;# 
    86  001B                     	;# 
    87  001C                     	;# 
    88  001D                     	;# 
    89  001E                     	;# 
    90  001F                     	;# 
    91  0081                     	;# 
    92  0085                     	;# 
    93  0086                     	;# 
    94  0087                     	;# 
    95  0088                     	;# 
    96  0089                     	;# 
    97  008C                     	;# 
    98  008D                     	;# 
    99  008E                     	;# 
   100  008F                     	;# 
   101  0090                     	;# 
   102  0091                     	;# 
   103  0092                     	;# 
   104  0093                     	;# 
   105  0093                     	;# 
   106  0093                     	;# 
   107  0094                     	;# 
   108  0095                     	;# 
   109  0096                     	;# 
   110  0097                     	;# 
   111  0098                     	;# 
   112  0099                     	;# 
   113  009A                     	;# 
   114  009B                     	;# 
   115  009C                     	;# 
   116  009D                     	;# 
   117  009E                     	;# 
   118  009F                     	;# 
   119  0105                     	;# 
   120  0107                     	;# 
   121  0108                     	;# 
   122  0109                     	;# 
   123  010C                     	;# 
   124  010C                     	;# 
   125  010D                     	;# 
   126  010E                     	;# 
   127  010F                     	;# 
   128  0185                     	;# 
   129  0187                     	;# 
   130  0188                     	;# 
   131  0189                     	;# 
   132  018C                     	;# 
   133  018D                     	;# 
   134  0000                     	;# 
   135  0001                     	;# 
   136  0002                     	;# 
   137  0003                     	;# 
   138  0004                     	;# 
   139  0005                     	;# 
   140  0006                     	;# 
   141  0007                     	;# 
   142  0008                     	;# 
   143  0009                     	;# 
   144  000A                     	;# 
   145  000B                     	;# 
   146  000C                     	;# 
   147  000D                     	;# 
   148  000E                     	;# 
   149  000E                     	;# 
   150  000F                     	;# 
   151  0010                     	;# 
   152  0011                     	;# 
   153  0012                     	;# 
   154  0013                     	;# 
   155  0014                     	;# 
   156  0015                     	;# 
   157  0015                     	;# 
   158  0016                     	;# 
   159  0017                     	;# 
   160  0018                     	;# 
   161  0019                     	;# 
   162  001A                     	;# 
   163  001B                     	;# 
   164  001B                     	;# 
   165  001C                     	;# 
   166  001D                     	;# 
   167  001E                     	;# 
   168  001F                     	;# 
   169  0081                     	;# 
   170  0085                     	;# 
   171  0086                     	;# 
   172  0087                     	;# 
   173  0088                     	;# 
   174  0089                     	;# 
   175  008C                     	;# 
   176  008D                     	;# 
   177  008E                     	;# 
   178  008F                     	;# 
   179  0090                     	;# 
   180  0091                     	;# 
   181  0092                     	;# 
   182  0093                     	;# 
   183  0093                     	;# 
   184  0093                     	;# 
   185  0094                     	;# 
   186  0095                     	;# 
   187  0096                     	;# 
   188  0097                     	;# 
   189  0098                     	;# 
   190  0099                     	;# 
   191  009A                     	;# 
   192  009B                     	;# 
   193  009C                     	;# 
   194  009D                     	;# 
   195  009E                     	;# 
   196  009F                     	;# 
   197  0105                     	;# 
   198  0107                     	;# 
   199  0108                     	;# 
   200  0109                     	;# 
   201  010C                     	;# 
   202  010C                     	;# 
   203  010D                     	;# 
   204  010E                     	;# 
   205  010F                     	;# 
   206  0185                     	;# 
   207  0187                     	;# 
   208  0188                     	;# 
   209  0189                     	;# 
   210  018C                     	;# 
   211  018D                     	;# 
   212                           
   213                           	psect	nvCOMMON
   214  0078                     __pnvCOMMON:
   215  0078                     _valor:
   216  0078                     	ds	1
   217                           
   218                           	psect	nvBANK0
   219  002E                     __pnvBANK0:
   220  002E                     _disp2:
   221  002E                     	ds	1
   222  002F                     _disp1:
   223  002F                     	ds	1
   224  0030                     _disp0:
   225  0030                     	ds	1
   226  0031                     _unidades:
   227  0031                     	ds	1
   228  0032                     _decenas:
   229  0032                     	ds	1
   230  0033                     _centenas:
   231  0033                     	ds	1
   232  000B                     _INTCON	set	11
   233  0009                     _PORTE	set	9
   234  0008                     _PORTD	set	8
   235  0007                     _PORTC	set	7
   236  0006                     _PORTB	set	6
   237  0005                     _PORTA	set	5
   238  000B                     _INTCONbits	set	11
   239  0001                     _TMR0	set	1
   240  0031                     _RB1	set	49
   241  0030                     _RB0	set	48
   242  0058                     _RBIF	set	88
   243  0036                     _RB6	set	54
   244  0035                     _RB5	set	53
   245  0034                     _RB4	set	52
   246  005A                     _T0IF	set	90
   247  008F                     _OSCCONbits	set	143
   248  0081                     _OPTION_REG	set	129
   249  0096                     _IOCB	set	150
   250  0095                     _WPUB	set	149
   251  0089                     _TRISE	set	137
   252  0088                     _TRISD	set	136
   253  0087                     _TRISC	set	135
   254  0086                     _TRISB	set	134
   255  0085                     _TRISA	set	133
   256  0189                     _ANSELH	set	393
   257  0188                     _ANSEL	set	392
   258                           
   259                           	psect	cinit
   260  0011                     start_initialization:	
   261                           ; #config settings
   262                           
   263  0011                     __initialization:
   264                           
   265                           ; Clear objects allocated to COMMON
   266  0011  01F6               	clrf	__pbssCOMMON& (0+127)
   267  0012  01F7               	clrf	(__pbssCOMMON+1)& (0+127)
   268  0013                     end_of_initialization:	
   269                           ;End of C runtime variable initialization code
   270                           
   271  0013                     __end_of__initialization:
   272  0013  0183               	clrf	3
   273  0014  120A  118A  29E6   	ljmp	_main	;jump to C main() function
   274                           
   275                           	psect	bssCOMMON
   276  0076                     __pbssCOMMON:
   277  0076                     _multiplex:
   278  0076                     	ds	1
   279  0077                     _flagint:
   280  0077                     	ds	1
   281                           
   282                           	psect	cstackCOMMON
   283  0070                     __pcstackCOMMON:
   284  0070                     ?_setup:
   285  0070                     ?_decimal:	
   286                           ; 1 bytes @ 0x0
   287                           
   288  0070                     ?_table:	
   289                           ; 1 bytes @ 0x0
   290                           
   291  0070                     ?_isr:	
   292                           ; 1 bytes @ 0x0
   293                           
   294  0070                     ??_isr:	
   295                           ; 1 bytes @ 0x0
   296                           
   297  0070                     ?_main:	
   298                           ; 1 bytes @ 0x0
   299                           
   300                           
   301                           ; 1 bytes @ 0x0
   302  0070                     	ds	5
   303  0075                     ??_setup:
   304  0075                     ??_dispasign:	
   305                           ; 1 bytes @ 0x5
   306                           
   307  0075                     ?___bmul:	
   308                           ; 1 bytes @ 0x5
   309                           
   310  0075                     ??___awdiv:	
   311                           ; 1 bytes @ 0x5
   312                           
   313  0075                     ___bmul@multiplicand:	
   314                           ; 1 bytes @ 0x5
   315                           
   316                           
   317                           ; 1 bytes @ 0x5
   318  0075                     	ds	1
   319                           
   320                           	psect	cstackBANK0
   321  0020                     __pcstackBANK0:
   322  0020                     ??_table:
   323  0020                     ??___bmul:	
   324                           ; 1 bytes @ 0x0
   325                           
   326  0020                     ?___awdiv:	
   327                           ; 1 bytes @ 0x0
   328                           
   329  0020                     ___awdiv@divisor:	
   330                           ; 2 bytes @ 0x0
   331                           
   332                           
   333                           ; 2 bytes @ 0x0
   334  0020                     	ds	1
   335  0021                     ___bmul@product:
   336                           
   337                           ; 1 bytes @ 0x1
   338  0021                     	ds	1
   339  0022                     table@val:
   340  0022                     ___bmul@multiplier:	
   341                           ; 1 bytes @ 0x2
   342                           
   343  0022                     ___awdiv@dividend:	
   344                           ; 1 bytes @ 0x2
   345                           
   346                           
   347                           ; 2 bytes @ 0x2
   348  0022                     	ds	1
   349  0023                     table@tempo:
   350                           
   351                           ; 1 bytes @ 0x3
   352  0023                     	ds	1
   353  0024                     ?_dispasign:
   354  0024                     dispasign@arg2:	
   355                           ; 1 bytes @ 0x4
   356                           
   357  0024                     ___awdiv@counter:	
   358                           ; 1 bytes @ 0x4
   359                           
   360                           
   361                           ; 1 bytes @ 0x4
   362  0024                     	ds	1
   363  0025                     dispasign@arg3:
   364  0025                     ___awdiv@sign:	
   365                           ; 1 bytes @ 0x5
   366                           
   367                           
   368                           ; 1 bytes @ 0x5
   369  0025                     	ds	1
   370  0026                     dispasign@arg1:
   371  0026                     ___awdiv@quotient:	
   372                           ; 1 bytes @ 0x6
   373                           
   374                           
   375                           ; 2 bytes @ 0x6
   376  0026                     	ds	2
   377  0028                     ??_decimal:
   378                           
   379                           ; 1 bytes @ 0x8
   380  0028                     	ds	3
   381  002B                     decimal@variable:
   382                           
   383                           ; 1 bytes @ 0xB
   384  002B                     	ds	1
   385  002C                     ??_main:
   386                           
   387                           ; 1 bytes @ 0xC
   388  002C                     	ds	2
   389                           
   390                           	psect	maintext
   391  01E6                     __pmaintext:	
   392 ;;
   393 ;;Main: autosize = 0, tempsize = 2, incstack = 0, save=0
   394 ;;
   395 ;; *************** function _main *****************
   396 ;; Defined at:
   397 ;;		line 170 in file "Main.c"
   398 ;; Parameters:    Size  Location     Type
   399 ;;		None
   400 ;; Auto vars:     Size  Location     Type
   401 ;;		None
   402 ;; Return value:  Size  Location     Type
   403 ;;                  1    wreg      void 
   404 ;; Registers used:
   405 ;;		wreg, fsr0l, fsr0h, status,2, status,0, pclath, cstack
   406 ;; Tracked objects:
   407 ;;		On entry : B00/0
   408 ;;		On exit  : 0/0
   409 ;;		Unchanged: 0/0
   410 ;; Data sizes:     COMMON   BANK0   BANK1   BANK3   BANK2
   411 ;;      Params:         0       0       0       0       0
   412 ;;      Locals:         0       0       0       0       0
   413 ;;      Temps:          0       2       0       0       0
   414 ;;      Totals:         0       2       0       0       0
   415 ;;Total ram usage:        2 bytes
   416 ;; Hardware stack levels required when called: 3
   417 ;; This function calls:
   418 ;;		_decimal
   419 ;;		_dispasign
   420 ;;		_setup
   421 ;; This function is called by:
   422 ;;		Startup code after reset
   423 ;; This function uses a non-reentrant model
   424 ;;
   425                           
   426                           
   427                           ;psect for function _main
   428  01E6                     _main:
   429  01E6                     l1309:	
   430                           ;incstack = 0
   431                           ; Regs used in _main: [wreg-fsr0h+status,2+status,0+pclath+cstack]
   432                           
   433                           
   434                           ;Main.c: 171:     centenas = valor/100;
   435  01E6  120A  118A  21C3  120A  118A  	fcall	_setup
   436  01EB                     l115:	
   437                           ;Main.c: 172:     valor = (valor - (centenas*100));
   438                           
   439                           
   440                           ;Main.c: 173:     decenas = valor/10;
   441  01EB  1283               	bcf	3,5	;RP0=0, select bank0
   442  01EC  1303               	bcf	3,6	;RP1=0, select bank0
   443  01ED  0808               	movf	8,w	;volatile
   444  01EE  120A  118A  2146  120A  118A  	fcall	_decimal
   445  01F3                     l1311:
   446                           
   447                           ;Main.c: 174:     valor = (valor - (decenas*10));
   448  01F3  1283               	bcf	3,5	;RP0=0, select bank0
   449  01F4  1303               	bcf	3,6	;RP1=0, select bank0
   450  01F5  0832               	movf	_decenas,w
   451  01F6  00AC               	movwf	??_main
   452  01F7  082C               	movf	??_main,w
   453  01F8  00A4               	movwf	dispasign@arg2
   454  01F9  0831               	movf	_unidades,w
   455  01FA  00AD               	movwf	??_main+1
   456  01FB  082D               	movf	??_main+1,w
   457  01FC  00A5               	movwf	dispasign@arg3
   458  01FD  0833               	movf	_centenas,w
   459  01FE  120A  118A  219E  120A  118A  	fcall	_dispasign
   460  0203  29EB               	goto	l115
   461  0204  120A  118A  280E   	ljmp	start
   462  0207                     __end_of_main:
   463                           
   464                           	psect	text1
   465  01C3                     __ptext1:	
   466 ;; *************** function _setup *****************
   467 ;; Defined at:
   468 ;;		line 180 in file "Main.c"
   469 ;; Parameters:    Size  Location     Type
   470 ;;		None
   471 ;; Auto vars:     Size  Location     Type
   472 ;;		None
   473 ;; Return value:  Size  Location     Type
   474 ;;                  1    wreg      void 
   475 ;; Registers used:
   476 ;;		wreg, status,2
   477 ;; Tracked objects:
   478 ;;		On entry : 0/0
   479 ;;		On exit  : 0/0
   480 ;;		Unchanged: 0/0
   481 ;; Data sizes:     COMMON   BANK0   BANK1   BANK3   BANK2
   482 ;;      Params:         0       0       0       0       0
   483 ;;      Locals:         0       0       0       0       0
   484 ;;      Temps:          0       0       0       0       0
   485 ;;      Totals:         0       0       0       0       0
   486 ;;Total ram usage:        0 bytes
   487 ;; Hardware stack levels used: 1
   488 ;; Hardware stack levels required when called: 1
   489 ;; This function calls:
   490 ;;		Nothing
   491 ;; This function is called by:
   492 ;;		_main
   493 ;; This function uses a non-reentrant model
   494 ;;
   495                           
   496                           
   497                           ;psect for function _setup
   498  01C3                     _setup:
   499  01C3                     l1053:	
   500                           ;incstack = 0
   501                           ; Regs used in _setup: [wreg+status,2]
   502                           
   503  01C3  1683               	bsf	3,5	;RP0=1, select bank3
   504  01C4  1703               	bsf	3,6	;RP1=1, select bank3
   505  01C5  0188               	clrf	8	;volatile
   506  01C6  0189               	clrf	9	;volatile
   507  01C7  1683               	bsf	3,5	;RP0=1, select bank1
   508  01C8  1303               	bcf	3,6	;RP1=0, select bank1
   509  01C9  0185               	clrf	5	;volatile
   510  01CA                     l1055:
   511  01CA  3003               	movlw	3
   512  01CB  0086               	movwf	6	;volatile
   513  01CC                     l1057:
   514  01CC  0187               	clrf	7	;volatile
   515  01CD                     l1059:
   516  01CD  0188               	clrf	8	;volatile
   517  01CE                     l1061:
   518  01CE  0189               	clrf	9	;volatile
   519  01CF  3003               	movlw	3
   520  01D0  0095               	movwf	21	;volatile
   521  01D1  3003               	movlw	3
   522  01D2  0096               	movwf	22	;volatile
   523  01D3  3044               	movlw	68
   524  01D4  0081               	movwf	1	;volatile
   525  01D5  3064               	movlw	100
   526  01D6  1283               	bcf	3,5	;RP0=0, select bank0
   527  01D7  1303               	bcf	3,6	;RP1=0, select bank0
   528  01D8  0081               	movwf	1	;volatile
   529  01D9                     l1063:
   530  01D9  1683               	bsf	3,5	;RP0=1, select bank1
   531  01DA  1303               	bcf	3,6	;RP1=0, select bank1
   532  01DB  140F               	bsf	15,0	;volatile
   533  01DC                     l1065:
   534  01DC  1283               	bcf	3,5	;RP0=0, select bank0
   535  01DD  1303               	bcf	3,6	;RP1=0, select bank0
   536  01DE  0185               	clrf	5	;volatile
   537  01DF                     l1067:
   538  01DF  0186               	clrf	6	;volatile
   539  01E0                     l1069:
   540  01E0  0187               	clrf	7	;volatile
   541  01E1                     l1071:
   542  01E1  0188               	clrf	8	;volatile
   543  01E2                     l1073:
   544  01E2  0189               	clrf	9	;volatile
   545  01E3                     l1075:
   546  01E3  30A8               	movlw	168
   547  01E4  008B               	movwf	11	;volatile
   548  01E5                     l121:
   549  01E5  0008               	return
   550  01E6                     __end_of_setup:
   551                           
   552                           	psect	text2
   553  019E                     __ptext2:	
   554 ;; *************** function _dispasign *****************
   555 ;; Defined at:
   556 ;;		line 208 in file "Main.c"
   557 ;; Parameters:    Size  Location     Type
   558 ;;  arg1            1    wreg     unsigned char 
   559 ;;  arg2            1    4[BANK0 ] unsigned char 
   560 ;;  arg3            1    5[BANK0 ] unsigned char 
   561 ;; Auto vars:     Size  Location     Type
   562 ;;  arg1            1    6[BANK0 ] unsigned char 
   563 ;; Return value:  Size  Location     Type
   564 ;;                  1    wreg      void 
   565 ;; Registers used:
   566 ;;		wreg, fsr0l, fsr0h, status,2, status,0, pclath, cstack
   567 ;; Tracked objects:
   568 ;;		On entry : 0/0
   569 ;;		On exit  : 0/0
   570 ;;		Unchanged: 0/0
   571 ;; Data sizes:     COMMON   BANK0   BANK1   BANK3   BANK2
   572 ;;      Params:         0       2       0       0       0
   573 ;;      Locals:         0       1       0       0       0
   574 ;;      Temps:          1       0       0       0       0
   575 ;;      Totals:         1       3       0       0       0
   576 ;;Total ram usage:        4 bytes
   577 ;; Hardware stack levels used: 1
   578 ;; Hardware stack levels required when called: 2
   579 ;; This function calls:
   580 ;;		_table
   581 ;; This function is called by:
   582 ;;		_main
   583 ;; This function uses a non-reentrant model
   584 ;;
   585                           
   586                           
   587                           ;psect for function _dispasign
   588  019E                     _dispasign:
   589                           
   590                           ;incstack = 0
   591                           ; Regs used in _dispasign: [wreg-fsr0h+status,2+status,0+pclath+cstack]
   592                           ;dispasign@arg1 stored from wreg
   593  019E  1283               	bcf	3,5	;RP0=0, select bank0
   594  019F  1303               	bcf	3,6	;RP1=0, select bank0
   595  01A0  00A6               	movwf	dispasign@arg1
   596  01A1                     l1307:
   597  01A1  0826               	movf	dispasign@arg1,w
   598  01A2  120A  118A  20E6  120A  118A  	fcall	_table
   599  01A7  00F5               	movwf	??_dispasign
   600  01A8  0875               	movf	??_dispasign,w
   601  01A9  1283               	bcf	3,5	;RP0=0, select bank0
   602  01AA  1303               	bcf	3,6	;RP1=0, select bank0
   603  01AB  00B0               	movwf	_disp0
   604  01AC  0824               	movf	dispasign@arg2,w
   605  01AD  120A  118A  20E6  120A  118A  	fcall	_table
   606  01B2  00F5               	movwf	??_dispasign
   607  01B3  0875               	movf	??_dispasign,w
   608  01B4  1283               	bcf	3,5	;RP0=0, select bank0
   609  01B5  1303               	bcf	3,6	;RP1=0, select bank0
   610  01B6  00AF               	movwf	_disp1
   611  01B7  0825               	movf	dispasign@arg3,w
   612  01B8  120A  118A  20E6  120A  118A  	fcall	_table
   613  01BD  00F5               	movwf	??_dispasign
   614  01BE  0875               	movf	??_dispasign,w
   615  01BF  1283               	bcf	3,5	;RP0=0, select bank0
   616  01C0  1303               	bcf	3,6	;RP1=0, select bank0
   617  01C1  00AE               	movwf	_disp2
   618  01C2                     l124:
   619  01C2  0008               	return
   620  01C3                     __end_of_dispasign:
   621                           
   622                           	psect	text3
   623  00E6                     __ptext3:	
   624 ;; *************** function _table *****************
   625 ;; Defined at:
   626 ;;		line 55 in file "Main.c"
   627 ;; Parameters:    Size  Location     Type
   628 ;;  val             1    wreg     unsigned char 
   629 ;; Auto vars:     Size  Location     Type
   630 ;;  val             1    2[BANK0 ] unsigned char 
   631 ;;  tempo           1    3[BANK0 ] unsigned char 
   632 ;; Return value:  Size  Location     Type
   633 ;;                  1    wreg      unsigned char 
   634 ;; Registers used:
   635 ;;		wreg, fsr0l, fsr0h, status,2, status,0
   636 ;; Tracked objects:
   637 ;;		On entry : 0/0
   638 ;;		On exit  : 0/0
   639 ;;		Unchanged: 0/0
   640 ;; Data sizes:     COMMON   BANK0   BANK1   BANK3   BANK2
   641 ;;      Params:         0       0       0       0       0
   642 ;;      Locals:         0       2       0       0       0
   643 ;;      Temps:          0       2       0       0       0
   644 ;;      Totals:         0       4       0       0       0
   645 ;;Total ram usage:        4 bytes
   646 ;; Hardware stack levels used: 1
   647 ;; Hardware stack levels required when called: 1
   648 ;; This function calls:
   649 ;;		Nothing
   650 ;; This function is called by:
   651 ;;		_dispasign
   652 ;; This function uses a non-reentrant model
   653 ;;
   654                           
   655                           
   656                           ;psect for function _table
   657  00E6                     _table:
   658                           
   659                           ;incstack = 0
   660                           ; Regs used in _table: [wreg-fsr0h+status,2+status,0]
   661                           ;table@val stored from wreg
   662  00E6  1283               	bcf	3,5	;RP0=0, select bank0
   663  00E7  1303               	bcf	3,6	;RP1=0, select bank0
   664  00E8  00A2               	movwf	table@val
   665  00E9                     l1203:
   666                           
   667                           ;Main.c: 56:     };Main.c: 58: }
   668  00E9  291C               	goto	l1227
   669  00EA                     l1205:
   670                           
   671                           ;Main.c: 60: 
   672  00EA  303F               	movlw	63
   673  00EB  00A0               	movwf	??_table
   674  00EC  0820               	movf	??_table,w
   675  00ED  00A3               	movwf	table@tempo
   676                           
   677                           ;Main.c: 61: uint8_t flagint;
   678  00EE  2944               	goto	l1229
   679  00EF                     l1207:
   680                           
   681                           ;Main.c: 64: uint8_t unidades;
   682  00EF  3006               	movlw	6
   683  00F0  00A0               	movwf	??_table
   684  00F1  0820               	movf	??_table,w
   685  00F2  00A3               	movwf	table@tempo
   686                           
   687                           ;Main.c: 65: uint8_t valor;
   688  00F3  2944               	goto	l1229
   689  00F4                     l1209:
   690                           
   691                           ;Main.c: 68: uint8_t disp2;
   692  00F4  305B               	movlw	91
   693  00F5  00A0               	movwf	??_table
   694  00F6  0820               	movf	??_table,w
   695  00F7  00A3               	movwf	table@tempo
   696                           
   697                           ;Main.c: 69: uint8_t multiplex;
   698  00F8  2944               	goto	l1229
   699  00F9                     l1211:
   700                           
   701                           ;Main.c: 72: 
   702  00F9  304F               	movlw	79
   703  00FA  00A0               	movwf	??_table
   704  00FB  0820               	movf	??_table,w
   705  00FC  00A3               	movwf	table@tempo
   706                           
   707                           ;Main.c: 73:     if (T0IF==1){
   708  00FD  2944               	goto	l1229
   709  00FE                     l1213:
   710                           
   711                           ;Main.c: 76:     PORTA++;
   712  00FE  3066               	movlw	102
   713  00FF  00A0               	movwf	??_table
   714  0100  0820               	movf	??_table,w
   715  0101  00A3               	movwf	table@tempo
   716                           
   717                           ;Main.c: 77:     PORTB = 0x00;
   718  0102  2944               	goto	l1229
   719  0103                     l1215:
   720                           
   721                           ;Main.c: 80:             PORTC = disp0;
   722  0103  306D               	movlw	109
   723  0104  00A0               	movwf	??_table
   724  0105  0820               	movf	??_table,w
   725  0106  00A3               	movwf	table@tempo
   726                           
   727                           ;Main.c: 81:             RB4 = 1;
   728  0107  2944               	goto	l1229
   729  0108                     l1217:
   730                           
   731                           ;Main.c: 84: 
   732  0108  307D               	movlw	125
   733  0109  00A0               	movwf	??_table
   734  010A  0820               	movf	??_table,w
   735  010B  00A3               	movwf	table@tempo
   736                           
   737                           ;Main.c: 85:         case 1:
   738  010C  2944               	goto	l1229
   739  010D                     l1219:
   740                           
   741                           ;Main.c: 88:             multiplex++;
   742  010D  3007               	movlw	7
   743  010E  00A0               	movwf	??_table
   744  010F  0820               	movf	??_table,w
   745  0110  00A3               	movwf	table@tempo
   746                           
   747                           ;Main.c: 89:             break;
   748  0111  2944               	goto	l1229
   749  0112                     l1221:
   750                           
   751                           ;Main.c: 92:             PORTC = disp2;
   752  0112  307F               	movlw	127
   753  0113  00A0               	movwf	??_table
   754  0114  0820               	movf	??_table,w
   755  0115  00A3               	movwf	table@tempo
   756                           
   757                           ;Main.c: 93:             RB6 = 1;
   758  0116  2944               	goto	l1229
   759  0117                     l1223:
   760                           
   761                           ;Main.c: 96:         }
   762  0117  3067               	movlw	103
   763  0118  00A0               	movwf	??_table
   764  0119  0820               	movf	??_table,w
   765  011A  00A3               	movwf	table@tempo
   766                           
   767                           ;Main.c: 97:     }
   768  011B  2944               	goto	l1229
   769  011C                     l1227:
   770  011C  0822               	movf	table@val,w
   771  011D  00A0               	movwf	??_table
   772  011E  01A1               	clrf	??_table+1
   773                           
   774                           ; Switch on 2 bytes has been partitioned into a top level switch of size 1, and 1 sub-sw
      +                          itches
   775                           ; Switch size 1, requested type "simple"
   776                           ; Number of cases is 1, Range of values is 0 to 0
   777                           ; switch strategies available:
   778                           ; Name         Instructions Cycles
   779                           ; simple_byte            4     3 (average)
   780                           ; direct_byte           11     8 (fixed)
   781                           ; jumptable            260     6 (fixed)
   782                           ;	Chosen strategy is simple_byte
   783  011F  0821               	movf	??_table+1,w
   784  0120  3A00               	xorlw	0	; case 0
   785  0121  1903               	skipnz
   786  0122  2924               	goto	l1373
   787  0123  28EA               	goto	l1205
   788  0124                     l1373:
   789                           
   790                           ; Switch size 1, requested type "simple"
   791                           ; Number of cases is 10, Range of values is 0 to 9
   792                           ; switch strategies available:
   793                           ; Name         Instructions Cycles
   794                           ; simple_byte           31    16 (average)
   795                           ; direct_byte           38     8 (fixed)
   796                           ; jumptable            260     6 (fixed)
   797                           ;	Chosen strategy is simple_byte
   798  0124  0820               	movf	??_table,w
   799  0125  3A00               	xorlw	0	; case 0
   800  0126  1903               	skipnz
   801  0127  28EA               	goto	l1205
   802  0128  3A01               	xorlw	1	; case 1
   803  0129  1903               	skipnz
   804  012A  28EF               	goto	l1207
   805  012B  3A03               	xorlw	3	; case 2
   806  012C  1903               	skipnz
   807  012D  28F4               	goto	l1209
   808  012E  3A01               	xorlw	1	; case 3
   809  012F  1903               	skipnz
   810  0130  28F9               	goto	l1211
   811  0131  3A07               	xorlw	7	; case 4
   812  0132  1903               	skipnz
   813  0133  28FE               	goto	l1213
   814  0134  3A01               	xorlw	1	; case 5
   815  0135  1903               	skipnz
   816  0136  2903               	goto	l1215
   817  0137  3A03               	xorlw	3	; case 6
   818  0138  1903               	skipnz
   819  0139  2908               	goto	l1217
   820  013A  3A01               	xorlw	1	; case 7
   821  013B  1903               	skipnz
   822  013C  290D               	goto	l1219
   823  013D  3A0F               	xorlw	15	; case 8
   824  013E  1903               	skipnz
   825  013F  2912               	goto	l1221
   826  0140  3A01               	xorlw	1	; case 9
   827  0141  1903               	skipnz
   828  0142  2917               	goto	l1223
   829  0143  28EA               	goto	l1205
   830  0144                     l1229:
   831                           
   832                           ;Main.c: 102:             flagint = 1;
   833  0144  0823               	movf	table@tempo,w
   834  0145                     l74:
   835  0145  0008               	return
   836  0146                     __end_of_table:
   837                           
   838                           	psect	text4
   839  0146                     __ptext4:	
   840 ;; *************** function _decimal *****************
   841 ;; Defined at:
   842 ;;		line 214 in file "Main.c"
   843 ;; Parameters:    Size  Location     Type
   844 ;;  variable        1    wreg     unsigned char 
   845 ;; Auto vars:     Size  Location     Type
   846 ;;  variable        1   11[BANK0 ] unsigned char 
   847 ;; Return value:  Size  Location     Type
   848 ;;                  1    wreg      void 
   849 ;; Registers used:
   850 ;;		wreg, status,2, status,0, pclath, cstack
   851 ;; Tracked objects:
   852 ;;		On entry : 0/0
   853 ;;		On exit  : 0/0
   854 ;;		Unchanged: 0/0
   855 ;; Data sizes:     COMMON   BANK0   BANK1   BANK3   BANK2
   856 ;;      Params:         0       0       0       0       0
   857 ;;      Locals:         0       1       0       0       0
   858 ;;      Temps:          0       3       0       0       0
   859 ;;      Totals:         0       4       0       0       0
   860 ;;Total ram usage:        4 bytes
   861 ;; Hardware stack levels used: 1
   862 ;; Hardware stack levels required when called: 2
   863 ;; This function calls:
   864 ;;		___awdiv
   865 ;;		___bmul
   866 ;; This function is called by:
   867 ;;		_main
   868 ;; This function uses a non-reentrant model
   869 ;;
   870                           
   871                           
   872                           ;psect for function _decimal
   873  0146                     _decimal:
   874                           
   875                           ;incstack = 0
   876                           ; Regs used in _decimal: [wreg+status,2+status,0+pclath+cstack]
   877                           ;decimal@variable stored from wreg
   878  0146  1283               	bcf	3,5	;RP0=0, select bank0
   879  0147  1303               	bcf	3,6	;RP1=0, select bank0
   880  0148  00AB               	movwf	decimal@variable
   881  0149                     l1297:
   882  0149  082B               	movf	decimal@variable,w
   883  014A  00A8               	movwf	??_decimal
   884  014B  0828               	movf	??_decimal,w
   885  014C  00F8               	movwf	_valor
   886  014D                     l1299:
   887  014D  3064               	movlw	100
   888  014E  00A0               	movwf	___awdiv@divisor
   889  014F  3000               	movlw	0
   890  0150  00A1               	movwf	___awdiv@divisor+1
   891  0151  0878               	movf	_valor,w
   892  0152  00A8               	movwf	??_decimal
   893  0153  01A9               	clrf	??_decimal+1
   894  0154  0828               	movf	??_decimal,w
   895  0155  00A2               	movwf	___awdiv@dividend
   896  0156  0829               	movf	??_decimal+1,w
   897  0157  00A3               	movwf	___awdiv@dividend+1
   898  0158  120A  118A  2017  120A  118A  	fcall	___awdiv
   899  015D  1283               	bcf	3,5	;RP0=0, select bank0
   900  015E  1303               	bcf	3,6	;RP1=0, select bank0
   901  015F  0820               	movf	?___awdiv,w
   902  0160  00AA               	movwf	??_decimal+2
   903  0161  082A               	movf	??_decimal+2,w
   904  0162  00B3               	movwf	_centenas
   905  0163                     l1301:
   906  0163  309C               	movlw	156
   907  0164  00A8               	movwf	??_decimal
   908  0165  0828               	movf	??_decimal,w
   909  0166  00F5               	movwf	___bmul@multiplicand
   910  0167  0833               	movf	_centenas,w
   911  0168  120A  118A  2207  120A  118A  	fcall	___bmul
   912  016D  0778               	addwf	_valor,w
   913  016E  1283               	bcf	3,5	;RP0=0, select bank0
   914  016F  1303               	bcf	3,6	;RP1=0, select bank0
   915  0170  00A9               	movwf	??_decimal+1
   916  0171  0829               	movf	??_decimal+1,w
   917  0172  00F8               	movwf	_valor
   918  0173                     l1303:
   919  0173  300A               	movlw	10
   920  0174  00A0               	movwf	___awdiv@divisor
   921  0175  3000               	movlw	0
   922  0176  00A1               	movwf	___awdiv@divisor+1
   923  0177  0878               	movf	_valor,w
   924  0178  00A8               	movwf	??_decimal
   925  0179  01A9               	clrf	??_decimal+1
   926  017A  0828               	movf	??_decimal,w
   927  017B  00A2               	movwf	___awdiv@dividend
   928  017C  0829               	movf	??_decimal+1,w
   929  017D  00A3               	movwf	___awdiv@dividend+1
   930  017E  120A  118A  2017  120A  118A  	fcall	___awdiv
   931  0183  1283               	bcf	3,5	;RP0=0, select bank0
   932  0184  1303               	bcf	3,6	;RP1=0, select bank0
   933  0185  0820               	movf	?___awdiv,w
   934  0186  00AA               	movwf	??_decimal+2
   935  0187  082A               	movf	??_decimal+2,w
   936  0188  00B2               	movwf	_decenas
   937  0189                     l1305:
   938  0189  30F6               	movlw	246
   939  018A  00A8               	movwf	??_decimal
   940  018B  0828               	movf	??_decimal,w
   941  018C  00F5               	movwf	___bmul@multiplicand
   942  018D  0832               	movf	_decenas,w
   943  018E  120A  118A  2207  120A  118A  	fcall	___bmul
   944  0193  0778               	addwf	_valor,w
   945  0194  1283               	bcf	3,5	;RP0=0, select bank0
   946  0195  1303               	bcf	3,6	;RP1=0, select bank0
   947  0196  00A9               	movwf	??_decimal+1
   948  0197  0829               	movf	??_decimal+1,w
   949  0198  00F8               	movwf	_valor
   950  0199  0878               	movf	_valor,w
   951  019A  00A8               	movwf	??_decimal
   952  019B  0828               	movf	??_decimal,w
   953  019C  00B1               	movwf	_unidades
   954  019D                     l127:
   955  019D  0008               	return
   956  019E                     __end_of_decimal:
   957                           
   958                           	psect	text5
   959  0207                     __ptext5:	
   960 ;; *************** function ___bmul *****************
   961 ;; Defined at:
   962 ;;		line 4 in file "C:\Program Files\Microchip\xc8\v2.32\pic\sources\c90\common\Umul8.c"
   963 ;; Parameters:    Size  Location     Type
   964 ;;  multiplier      1    wreg     unsigned char 
   965 ;;  multiplicand    1    5[COMMON] unsigned char 
   966 ;; Auto vars:     Size  Location     Type
   967 ;;  multiplier      1    2[BANK0 ] unsigned char 
   968 ;;  product         1    1[BANK0 ] unsigned char 
   969 ;; Return value:  Size  Location     Type
   970 ;;                  1    wreg      unsigned char 
   971 ;; Registers used:
   972 ;;		wreg, status,2, status,0
   973 ;; Tracked objects:
   974 ;;		On entry : 0/0
   975 ;;		On exit  : 0/0
   976 ;;		Unchanged: 0/0
   977 ;; Data sizes:     COMMON   BANK0   BANK1   BANK3   BANK2
   978 ;;      Params:         1       0       0       0       0
   979 ;;      Locals:         0       2       0       0       0
   980 ;;      Temps:          0       1       0       0       0
   981 ;;      Totals:         1       3       0       0       0
   982 ;;Total ram usage:        4 bytes
   983 ;; Hardware stack levels used: 1
   984 ;; Hardware stack levels required when called: 1
   985 ;; This function calls:
   986 ;;		Nothing
   987 ;; This function is called by:
   988 ;;		_decimal
   989 ;; This function uses a non-reentrant model
   990 ;;
   991                           
   992                           
   993                           ;psect for function ___bmul
   994  0207                     ___bmul:
   995                           
   996                           ;incstack = 0
   997                           ; Regs used in ___bmul: [wreg+status,2+status,0]
   998                           ;___bmul@multiplier stored from wreg
   999  0207  1283               	bcf	3,5	;RP0=0, select bank0
  1000  0208  1303               	bcf	3,6	;RP1=0, select bank0
  1001  0209  00A2               	movwf	___bmul@multiplier
  1002  020A                     l1239:
  1003  020A  01A1               	clrf	___bmul@product
  1004  020B                     l1241:
  1005  020B  1C22               	btfss	___bmul@multiplier,0
  1006  020C  2A0E               	goto	u371
  1007  020D  2A0F               	goto	u370
  1008  020E                     u371:
  1009  020E  2A13               	goto	l1245
  1010  020F                     u370:
  1011  020F                     l1243:
  1012  020F  0875               	movf	___bmul@multiplicand,w
  1013  0210  00A0               	movwf	??___bmul
  1014  0211  0820               	movf	??___bmul,w
  1015  0212  07A1               	addwf	___bmul@product,f
  1016  0213                     l1245:
  1017  0213  1003               	clrc
  1018  0214  0DF5               	rlf	___bmul@multiplicand,f
  1019  0215                     l1247:
  1020  0215  1003               	clrc
  1021  0216  0CA2               	rrf	___bmul@multiplier,f
  1022  0217  0822               	movf	___bmul@multiplier,w
  1023  0218  1D03               	btfss	3,2
  1024  0219  2A1B               	goto	u381
  1025  021A  2A1C               	goto	u380
  1026  021B                     u381:
  1027  021B  2A0B               	goto	l1241
  1028  021C                     u380:
  1029  021C                     l1249:
  1030  021C  0821               	movf	___bmul@product,w
  1031  021D                     l239:
  1032  021D  0008               	return
  1033  021E                     __end_of___bmul:
  1034                           
  1035                           	psect	text6
  1036  0017                     __ptext6:	
  1037 ;; *************** function ___awdiv *****************
  1038 ;; Defined at:
  1039 ;;		line 5 in file "C:\Program Files\Microchip\xc8\v2.32\pic\sources\c90\common\awdiv.c"
  1040 ;; Parameters:    Size  Location     Type
  1041 ;;  divisor         2    0[BANK0 ] int 
  1042 ;;  dividend        2    2[BANK0 ] int 
  1043 ;; Auto vars:     Size  Location     Type
  1044 ;;  quotient        2    6[BANK0 ] int 
  1045 ;;  sign            1    5[BANK0 ] unsigned char 
  1046 ;;  counter         1    4[BANK0 ] unsigned char 
  1047 ;; Return value:  Size  Location     Type
  1048 ;;                  2    0[BANK0 ] int 
  1049 ;; Registers used:
  1050 ;;		wreg, status,2, status,0
  1051 ;; Tracked objects:
  1052 ;;		On entry : 0/0
  1053 ;;		On exit  : 0/0
  1054 ;;		Unchanged: 0/0
  1055 ;; Data sizes:     COMMON   BANK0   BANK1   BANK3   BANK2
  1056 ;;      Params:         0       4       0       0       0
  1057 ;;      Locals:         0       4       0       0       0
  1058 ;;      Temps:          1       0       0       0       0
  1059 ;;      Totals:         1       8       0       0       0
  1060 ;;Total ram usage:        9 bytes
  1061 ;; Hardware stack levels used: 1
  1062 ;; Hardware stack levels required when called: 1
  1063 ;; This function calls:
  1064 ;;		Nothing
  1065 ;; This function is called by:
  1066 ;;		_decimal
  1067 ;; This function uses a non-reentrant model
  1068 ;;
  1069                           
  1070                           
  1071                           ;psect for function ___awdiv
  1072  0017                     ___awdiv:
  1073  0017                     l1253:	
  1074                           ;incstack = 0
  1075                           ; Regs used in ___awdiv: [wreg+status,2+status,0]
  1076                           
  1077  0017  1283               	bcf	3,5	;RP0=0, select bank0
  1078  0018  1303               	bcf	3,6	;RP1=0, select bank0
  1079  0019  01A5               	clrf	___awdiv@sign
  1080  001A                     l1255:
  1081  001A  1FA1               	btfss	___awdiv@divisor+1,7
  1082  001B  281D               	goto	u391
  1083  001C  281E               	goto	u390
  1084  001D                     u391:
  1085  001D  2825               	goto	l1261
  1086  001E                     u390:
  1087  001E                     l1257:
  1088  001E  09A0               	comf	___awdiv@divisor,f
  1089  001F  09A1               	comf	___awdiv@divisor+1,f
  1090  0020  0AA0               	incf	___awdiv@divisor,f
  1091  0021  1903               	skipnz
  1092  0022  0AA1               	incf	___awdiv@divisor+1,f
  1093  0023                     l1259:
  1094  0023  01A5               	clrf	___awdiv@sign
  1095  0024  0AA5               	incf	___awdiv@sign,f
  1096  0025                     l1261:
  1097  0025  1FA3               	btfss	___awdiv@dividend+1,7
  1098  0026  2828               	goto	u401
  1099  0027  2829               	goto	u400
  1100  0028                     u401:
  1101  0028  2832               	goto	l1267
  1102  0029                     u400:
  1103  0029                     l1263:
  1104  0029  09A2               	comf	___awdiv@dividend,f
  1105  002A  09A3               	comf	___awdiv@dividend+1,f
  1106  002B  0AA2               	incf	___awdiv@dividend,f
  1107  002C  1903               	skipnz
  1108  002D  0AA3               	incf	___awdiv@dividend+1,f
  1109  002E                     l1265:
  1110  002E  3001               	movlw	1
  1111  002F  00F5               	movwf	??___awdiv
  1112  0030  0875               	movf	??___awdiv,w
  1113  0031  06A5               	xorwf	___awdiv@sign,f
  1114  0032                     l1267:
  1115  0032  01A6               	clrf	___awdiv@quotient
  1116  0033  01A7               	clrf	___awdiv@quotient+1
  1117  0034                     l1269:
  1118  0034  0820               	movf	___awdiv@divisor,w
  1119  0035  0421               	iorwf	___awdiv@divisor+1,w
  1120  0036  1903               	btfsc	3,2
  1121  0037  2839               	goto	u411
  1122  0038  283A               	goto	u410
  1123  0039                     u411:
  1124  0039  2871               	goto	l1289
  1125  003A                     u410:
  1126  003A                     l1271:
  1127  003A  01A4               	clrf	___awdiv@counter
  1128  003B  0AA4               	incf	___awdiv@counter,f
  1129  003C  2848               	goto	l1277
  1130  003D                     l1273:
  1131  003D  3001               	movlw	1
  1132  003E                     u425:
  1133  003E  1003               	clrc
  1134  003F  0DA0               	rlf	___awdiv@divisor,f
  1135  0040  0DA1               	rlf	___awdiv@divisor+1,f
  1136  0041  3EFF               	addlw	-1
  1137  0042  1D03               	skipz
  1138  0043  283E               	goto	u425
  1139  0044                     l1275:
  1140  0044  3001               	movlw	1
  1141  0045  00F5               	movwf	??___awdiv
  1142  0046  0875               	movf	??___awdiv,w
  1143  0047  07A4               	addwf	___awdiv@counter,f
  1144  0048                     l1277:
  1145  0048  1FA1               	btfss	___awdiv@divisor+1,7
  1146  0049  284B               	goto	u431
  1147  004A  284C               	goto	u430
  1148  004B                     u431:
  1149  004B  283D               	goto	l1273
  1150  004C                     u430:
  1151  004C                     l1279:
  1152  004C  3001               	movlw	1
  1153  004D                     u445:
  1154  004D  1003               	clrc
  1155  004E  0DA6               	rlf	___awdiv@quotient,f
  1156  004F  0DA7               	rlf	___awdiv@quotient+1,f
  1157  0050  3EFF               	addlw	-1
  1158  0051  1D03               	skipz
  1159  0052  284D               	goto	u445
  1160  0053  0821               	movf	___awdiv@divisor+1,w
  1161  0054  0223               	subwf	___awdiv@dividend+1,w
  1162  0055  1D03               	skipz
  1163  0056  2859               	goto	u455
  1164  0057  0820               	movf	___awdiv@divisor,w
  1165  0058  0222               	subwf	___awdiv@dividend,w
  1166  0059                     u455:
  1167  0059  1C03               	skipc
  1168  005A  285C               	goto	u451
  1169  005B  285D               	goto	u450
  1170  005C                     u451:
  1171  005C  2864               	goto	l1285
  1172  005D                     u450:
  1173  005D                     l1281:
  1174  005D  0820               	movf	___awdiv@divisor,w
  1175  005E  02A2               	subwf	___awdiv@dividend,f
  1176  005F  0821               	movf	___awdiv@divisor+1,w
  1177  0060  1C03               	skipc
  1178  0061  03A3               	decf	___awdiv@dividend+1,f
  1179  0062  02A3               	subwf	___awdiv@dividend+1,f
  1180  0063                     l1283:
  1181  0063  1426               	bsf	___awdiv@quotient,0
  1182  0064                     l1285:
  1183  0064  3001               	movlw	1
  1184  0065                     u465:
  1185  0065  1003               	clrc
  1186  0066  0CA1               	rrf	___awdiv@divisor+1,f
  1187  0067  0CA0               	rrf	___awdiv@divisor,f
  1188  0068  3EFF               	addlw	-1
  1189  0069  1D03               	skipz
  1190  006A  2865               	goto	u465
  1191  006B                     l1287:
  1192  006B  3001               	movlw	1
  1193  006C  02A4               	subwf	___awdiv@counter,f
  1194  006D  1D03               	btfss	3,2
  1195  006E  2870               	goto	u471
  1196  006F  2871               	goto	u470
  1197  0070                     u471:
  1198  0070  284C               	goto	l1279
  1199  0071                     u470:
  1200  0071                     l1289:
  1201  0071  0825               	movf	___awdiv@sign,w
  1202  0072  1903               	btfsc	3,2
  1203  0073  2875               	goto	u481
  1204  0074  2876               	goto	u480
  1205  0075                     u481:
  1206  0075  287B               	goto	l1293
  1207  0076                     u480:
  1208  0076                     l1291:
  1209  0076  09A6               	comf	___awdiv@quotient,f
  1210  0077  09A7               	comf	___awdiv@quotient+1,f
  1211  0078  0AA6               	incf	___awdiv@quotient,f
  1212  0079  1903               	skipnz
  1213  007A  0AA7               	incf	___awdiv@quotient+1,f
  1214  007B                     l1293:
  1215  007B  0827               	movf	___awdiv@quotient+1,w
  1216  007C  00A1               	movwf	?___awdiv+1
  1217  007D  0826               	movf	___awdiv@quotient,w
  1218  007E  00A0               	movwf	?___awdiv
  1219  007F                     l366:
  1220  007F  0008               	return
  1221  0080                     __end_of___awdiv:
  1222                           
  1223                           	psect	text7
  1224  0080                     __ptext7:	
  1225 ;; *************** function _isr *****************
  1226 ;; Defined at:
  1227 ;;		line 116 in file "Main.c"
  1228 ;; Parameters:    Size  Location     Type
  1229 ;;		None
  1230 ;; Auto vars:     Size  Location     Type
  1231 ;;		None
  1232 ;; Return value:  Size  Location     Type
  1233 ;;                  1    wreg      void 
  1234 ;; Registers used:
  1235 ;;		wreg, fsr0l, fsr0h, status,2, status,0
  1236 ;; Tracked objects:
  1237 ;;		On entry : 0/0
  1238 ;;		On exit  : 0/0
  1239 ;;		Unchanged: 0/0
  1240 ;; Data sizes:     COMMON   BANK0   BANK1   BANK3   BANK2
  1241 ;;      Params:         0       0       0       0       0
  1242 ;;      Locals:         0       0       0       0       0
  1243 ;;      Temps:          5       0       0       0       0
  1244 ;;      Totals:         5       0       0       0       0
  1245 ;;Total ram usage:        5 bytes
  1246 ;; Hardware stack levels used: 1
  1247 ;; This function calls:
  1248 ;;		Nothing
  1249 ;; This function is called by:
  1250 ;;		Interrupt level 1
  1251 ;; This function uses a non-reentrant model
  1252 ;;
  1253                           
  1254                           
  1255                           ;psect for function _isr
  1256  0080                     _isr:
  1257  0080                     i1l1089:
  1258                           
  1259                           ;Main.c: 118:         }
  1260  0080  1D0B               	btfss	11,2	;volatile
  1261  0081  2883               	goto	u31_21
  1262  0082  2884               	goto	u31_20
  1263  0083                     u31_21:
  1264  0083  28B3               	goto	i1l97
  1265  0084                     u31_20:
  1266  0084                     i1l1091:
  1267                           
  1268                           ;Main.c: 119:         INTCONbits.RBIF = 0;
  1269  0084  3064               	movlw	100
  1270  0085  1283               	bcf	3,5	;RP0=0, select bank0
  1271  0086  1303               	bcf	3,6	;RP1=0, select bank0
  1272  0087  0081               	movwf	1	;volatile
  1273  0088                     i1l1093:
  1274                           
  1275                           ;Main.c: 120:     }
  1276  0088  110B               	bcf	11,2	;volatile
  1277  0089                     i1l1095:
  1278                           
  1279                           ;Main.c: 121: 
  1280  0089  3001               	movlw	1
  1281  008A  00F0               	movwf	??_isr
  1282  008B  0870               	movf	??_isr,w
  1283  008C  0785               	addwf	5,f	;volatile
  1284  008D                     i1l1097:
  1285                           
  1286                           ;Main.c: 122: 
  1287  008D  0186               	clrf	6	;volatile
  1288                           
  1289                           ;Main.c: 123: }
  1290  008E  28A0               	goto	i1l1119
  1291  008F                     i1l1099:
  1292                           
  1293                           ;Main.c: 125: void main(void) {
  1294  008F  0830               	movf	_disp0,w
  1295  0090  0087               	movwf	7	;volatile
  1296  0091                     i1l1101:
  1297                           
  1298                           ;Main.c: 126:     setup();
  1299  0091  1606               	bsf	6,4	;volatile
  1300  0092                     i1l1103:
  1301                           
  1302                           ;Main.c: 127:  while(1) {
  1303  0092  3001               	movlw	1
  1304  0093  00F0               	movwf	??_isr
  1305  0094  0870               	movf	??_isr,w
  1306  0095  07F6               	addwf	_multiplex,f
  1307                           
  1308                           ;Main.c: 128:     decimal(PORTD);
  1309  0096  28B3               	goto	i1l97
  1310  0097                     i1l1105:
  1311                           
  1312                           ;Main.c: 131: }
  1313  0097  082F               	movf	_disp1,w
  1314  0098  0087               	movwf	7	;volatile
  1315  0099                     i1l1107:
  1316                           
  1317                           ;Main.c: 132: 
  1318  0099  1686               	bsf	6,5	;volatile
  1319  009A  2892               	goto	i1l1103
  1320  009B                     i1l1111:
  1321                           
  1322                           ;Main.c: 137:   ANSEL = 0x00;
  1323  009B  082E               	movf	_disp2,w
  1324  009C  0087               	movwf	7	;volatile
  1325  009D                     i1l1113:
  1326                           
  1327                           ;Main.c: 138:   ANSELH = 0x00;
  1328  009D  1706               	bsf	6,6	;volatile
  1329  009E                     i1l1115:
  1330                           
  1331                           ;Main.c: 139: 
  1332  009E  01F6               	clrf	_multiplex
  1333                           
  1334                           ;Main.c: 140:   TRISA = 0x00;
  1335  009F  28B3               	goto	i1l97
  1336  00A0                     i1l1119:
  1337  00A0  0876               	movf	_multiplex,w
  1338  00A1  00F0               	movwf	??_isr
  1339  00A2  01F1               	clrf	??_isr+1
  1340                           
  1341                           ; Switch on 2 bytes has been partitioned into a top level switch of size 1, and 1 sub-sw
      +                          itches
  1342                           ; Switch size 1, requested type "simple"
  1343                           ; Number of cases is 1, Range of values is 0 to 0
  1344                           ; switch strategies available:
  1345                           ; Name         Instructions Cycles
  1346                           ; simple_byte            4     3 (average)
  1347                           ; direct_byte           11     8 (fixed)
  1348                           ; jumptable            260     6 (fixed)
  1349                           ;	Chosen strategy is simple_byte
  1350  00A3  0871               	movf	??_isr+1,w
  1351  00A4  3A00               	xorlw	0	; case 0
  1352  00A5  1903               	skipnz
  1353  00A6  28A8               	goto	i1l1375
  1354  00A7  28B3               	goto	i1l97
  1355  00A8                     i1l1375:
  1356                           
  1357                           ; Switch size 1, requested type "simple"
  1358                           ; Number of cases is 3, Range of values is 0 to 2
  1359                           ; switch strategies available:
  1360                           ; Name         Instructions Cycles
  1361                           ; simple_byte           10     6 (average)
  1362                           ; direct_byte           17     8 (fixed)
  1363                           ; jumptable            260     6 (fixed)
  1364                           ;	Chosen strategy is simple_byte
  1365  00A8  0870               	movf	??_isr,w
  1366  00A9  3A00               	xorlw	0	; case 0
  1367  00AA  1903               	skipnz
  1368  00AB  288F               	goto	i1l1099
  1369  00AC  3A01               	xorlw	1	; case 1
  1370  00AD  1903               	skipnz
  1371  00AE  2897               	goto	i1l1105
  1372  00AF  3A03               	xorlw	3	; case 2
  1373  00B0  1903               	skipnz
  1374  00B1  289B               	goto	i1l1111
  1375  00B2  28B3               	goto	i1l97
  1376  00B3                     i1l97:	
  1377                           ;Main.c: 142:   TRISC = 0x00;
  1378                           
  1379                           
  1380                           ;Main.c: 144:   TRISE = 0x00;
  1381  00B3  1C0B               	btfss	11,0	;volatile
  1382  00B4  28B6               	goto	u32_21
  1383  00B5  28B7               	goto	u32_20
  1384  00B6                     u32_21:
  1385  00B6  28DD               	goto	i1l110
  1386  00B7                     u32_20:
  1387  00B7                     i1l1121:
  1388                           
  1389                           ;Main.c: 146:   WPUB = 0b00000011;
  1390  00B7  1283               	bcf	3,5	;RP0=0, select bank0
  1391  00B8  1303               	bcf	3,6	;RP1=0, select bank0
  1392  00B9  1806               	btfsc	6,0	;volatile
  1393  00BA  28BC               	goto	u33_21
  1394  00BB  28BD               	goto	u33_20
  1395  00BC                     u33_21:
  1396  00BC  28C0               	goto	i1l1125
  1397  00BD                     u33_20:
  1398  00BD                     i1l1123:
  1399                           
  1400                           ;Main.c: 147:   IOCB = 0b00000011;
  1401  00BD  01F7               	clrf	_flagint
  1402  00BE  0AF7               	incf	_flagint,f
  1403                           
  1404                           ;Main.c: 148: 
  1405  00BF  28CA               	goto	i1l1131
  1406  00C0                     i1l1125:
  1407                           
  1408                           ;Main.c: 150:   OPTION_REG = 0b01000100;
  1409  00C0  0377               	decf	_flagint,w
  1410  00C1  1D03               	btfss	3,2
  1411  00C2  28C4               	goto	u34_21
  1412  00C3  28C5               	goto	u34_20
  1413  00C4                     u34_21:
  1414  00C4  28CA               	goto	i1l1131
  1415  00C5                     u34_20:
  1416  00C5                     i1l1127:
  1417                           
  1418                           ;Main.c: 151:   TMR0 = 100;
  1419  00C5  3001               	movlw	1
  1420  00C6  00F0               	movwf	??_isr
  1421  00C7  0870               	movf	??_isr,w
  1422  00C8  0788               	addwf	8,f	;volatile
  1423  00C9                     i1l1129:
  1424                           
  1425                           ;Main.c: 152: 
  1426  00C9  01F7               	clrf	_flagint
  1427  00CA                     i1l1131:
  1428                           
  1429                           ;Main.c: 155: 
  1430  00CA  1886               	btfsc	6,1	;volatile
  1431  00CB  28CD               	goto	u35_21
  1432  00CC  28CE               	goto	u35_20
  1433  00CD                     u35_21:
  1434  00CD  28D3               	goto	i1l1135
  1435  00CE                     u35_20:
  1436  00CE                     i1l1133:
  1437                           
  1438                           ;Main.c: 156:   PORTA = 0x00;
  1439  00CE  3002               	movlw	2
  1440  00CF  00F0               	movwf	??_isr
  1441  00D0  0870               	movf	??_isr,w
  1442  00D1  00F7               	movwf	_flagint
  1443                           
  1444                           ;Main.c: 157:   PORTB = 0x00;
  1445  00D2  28DC               	goto	i1l1141
  1446  00D3                     i1l1135:
  1447                           
  1448                           ;Main.c: 159:   PORTD = 0x00;
  1449  00D3  3002               	movlw	2
  1450  00D4  0677               	xorwf	_flagint,w
  1451  00D5  1D03               	btfss	3,2
  1452  00D6  28D8               	goto	u36_21
  1453  00D7  28D9               	goto	u36_20
  1454  00D8                     u36_21:
  1455  00D8  28DC               	goto	i1l1141
  1456  00D9                     u36_20:
  1457  00D9                     i1l1137:
  1458                           
  1459                           ;Main.c: 160:   PORTE = 0x00;
  1460  00D9  3001               	movlw	1
  1461  00DA  0288               	subwf	8,f	;volatile
  1462  00DB                     i1l1139:
  1463                           
  1464                           ;Main.c: 161:   INTCON = 0b10101000;
  1465  00DB  01F7               	clrf	_flagint
  1466  00DC                     i1l1141:
  1467                           
  1468                           ;Main.c: 164:     disp0 = table(arg1);
  1469  00DC  100B               	bcf	11,0	;volatile
  1470  00DD                     i1l110:
  1471  00DD  0874               	movf	??_isr+4,w
  1472  00DE  008A               	movwf	10
  1473  00DF  0873               	movf	??_isr+3,w
  1474  00E0  0084               	movwf	4
  1475  00E1  0E72               	swapf	??_isr+2,w
  1476  00E2  0083               	movwf	3
  1477  00E3  0EFE               	swapf	btemp,f
  1478  00E4  0E7E               	swapf	btemp,w
  1479  00E5  0009               	retfie
  1480  00E6                     __end_of_isr:
  1481  007E                     btemp	set	126	;btemp
  1482  007E                     wtemp0	set	126
  1483                           
  1484                           	psect	intentry
  1485  0004                     __pintentry:	
  1486                           ;incstack = 0
  1487                           ; Regs used in _isr: [wreg-fsr0h+status,2+status,0]
  1488                           
  1489  0004                     interrupt_function:
  1490  007E                     saved_w	set	btemp
  1491  0004  00FE               	movwf	btemp
  1492  0005  0E03               	swapf	3,w
  1493  0006  00F2               	movwf	??_isr+2
  1494  0007  0804               	movf	4,w
  1495  0008  00F3               	movwf	??_isr+3
  1496  0009  080A               	movf	10,w
  1497  000A  00F4               	movwf	??_isr+4
  1498  000B  120A  118A  2880   	ljmp	_isr
  1499                           
  1500                           	psect	config
  1501                           
  1502                           ;Config register CONFIG1 @ 0x2007
  1503                           ;	Oscillator Selection bits
  1504                           ;	FOSC = INTRC_NOCLKOUT, INTOSCIO oscillator: I/O function on RA6/OSC2/CLKOUT pin, I/O f
      +                          unction on RA7/OSC1/CLKIN
  1505                           ;	Watchdog Timer Enable bit
  1506                           ;	WDTE = OFF, WDT disabled and can be enabled by SWDTEN bit of the WDTCON register
  1507                           ;	Power-up Timer Enable bit
  1508                           ;	PWRTE = OFF, PWRT disabled
  1509                           ;	RE3/MCLR pin function select bit
  1510                           ;	MCLRE = OFF, RE3/MCLR pin function is digital input, MCLR internally tied to VDD
  1511                           ;	Code Protection bit
  1512                           ;	CP = OFF, Program memory code protection is disabled
  1513                           ;	Data Code Protection bit
  1514                           ;	CPD = OFF, Data memory code protection is disabled
  1515                           ;	Brown Out Reset Selection bits
  1516                           ;	BOREN = OFF, BOR disabled
  1517                           ;	Internal External Switchover bit
  1518                           ;	IESO = OFF, Internal/External Switchover mode is disabled
  1519                           ;	Fail-Safe Clock Monitor Enabled bit
  1520                           ;	FCMEN = OFF, Fail-Safe Clock Monitor is disabled
  1521                           ;	Low Voltage Programming Enable bit
  1522                           ;	LVP = OFF, RB3 pin has digital I/O, HV on MCLR must be used for programming
  1523                           ;	In-Circuit Debugger Mode bit
  1524                           ;	DEBUG = 0x1, unprogrammed default
  1525  2007                     	org	8199
  1526  2007  20D4               	dw	8404
  1527                           
  1528                           ;Config register CONFIG2 @ 0x2008
  1529                           ;	Brown-out Reset Selection bit
  1530                           ;	BOR4V = BOR40V, Brown-out Reset set to 4.0V
  1531                           ;	Flash Program Memory Self Write Enable bits
  1532                           ;	WRT = OFF, Write protection off
  1533  2008                     	org	8200
  1534  2008  3FFF               	dw	16383

Data Sizes:
    Strings     0
    Constant    0
    Data        0
    BSS         2
    Persistent  7
    Stack       0

Auto Spaces:
    Space          Size  Autos    Used
    COMMON           14      6       9
    BANK0            80     14      20
    BANK1            80      0       0
    BANK3            96      0       0
    BANK2            96      0       0

Pointer List with Targets:

    None.

Critical Paths under _main in COMMON

    _main->_dispasign
    _decimal->___awdiv
    _decimal->___bmul

Critical Paths under _isr in COMMON

    None.

Critical Paths under _main in BANK0

    _main->_decimal
    _dispasign->_table
    _decimal->___awdiv

Critical Paths under _isr in BANK0

    None.

Critical Paths under _main in BANK1

    None.

Critical Paths under _isr in BANK1

    None.

Critical Paths under _main in BANK3

    None.

Critical Paths under _isr in BANK3

    None.

Critical Paths under _main in BANK2

    None.

Critical Paths under _isr in BANK2

    None.

Call Graph Tables:

 ---------------------------------------------------------------------------------
 (Depth) Function   	        Calls       Base Space   Used Autos Params    Refs
 ---------------------------------------------------------------------------------
 (0) _main                                                 2     2      0    1520
                                             12 BANK0      2     2      0
                            _decimal
                          _dispasign
                              _setup
 ---------------------------------------------------------------------------------
 (1) _setup                                                0     0      0       0
 ---------------------------------------------------------------------------------
 (1) _dispasign                                            4     2      2     368
                                              5 COMMON     1     1      0
                                              4 BANK0      3     1      2
                              _table
 ---------------------------------------------------------------------------------
 (2) _table                                                4     4      0      95
                                              0 BANK0      4     4      0
 ---------------------------------------------------------------------------------
 (1) _decimal                                              4     4      0    1152
                                              8 BANK0      4     4      0
                            ___awdiv
                             ___bmul
 ---------------------------------------------------------------------------------
 (2) ___bmul                                               4     3      1     316
                                              5 COMMON     1     0      1
                                              0 BANK0      3     3      0
 ---------------------------------------------------------------------------------
 (2) ___awdiv                                              9     5      4     805
                                              5 COMMON     1     1      0
                                              0 BANK0      8     4      4
 ---------------------------------------------------------------------------------
 Estimated maximum stack depth 2
 ---------------------------------------------------------------------------------
 (Depth) Function   	        Calls       Base Space   Used Autos Params    Refs
 ---------------------------------------------------------------------------------
 (3) _isr                                                  5     5      0       0
                                              0 COMMON     5     5      0
 ---------------------------------------------------------------------------------
 Estimated maximum stack depth 3
 ---------------------------------------------------------------------------------

 Call Graph Graphs:

 _main (ROOT)
   _decimal
     ___awdiv
     ___bmul
   _dispasign
     _table
   _setup

 _isr (ROOT)

 Address spaces:
Name               Size   Autos  Total    Cost      Usage
BITCOMMON            E      0       0       0        0.0%
EEDATA             100      0       0       0        0.0%
NULL                 0      0       0       0        0.0%
CODE                 0      0       0       0        0.0%
COMMON               E      6       9       1       64.3%
BITSFR0              0      0       0       1        0.0%
SFR0                 0      0       0       1        0.0%
BITSFR1              0      0       0       2        0.0%
SFR1                 0      0       0       2        0.0%
STACK                0      0       0       2        0.0%
ABS                  0      0      1D       3        0.0%
BITBANK0            50      0       0       4        0.0%
BITSFR3              0      0       0       4        0.0%
SFR3                 0      0       0       4        0.0%
BANK0               50      E      14       5       25.0%
BITSFR2              0      0       0       5        0.0%
SFR2                 0      0       0       5        0.0%
BITBANK1            50      0       0       6        0.0%
BANK1               50      0       0       7        0.0%
BITBANK3            60      0       0       8        0.0%
BANK3               60      0       0       9        0.0%
BITBANK2            60      0       0      10        0.0%
BANK2               60      0       0      11        0.0%
DATA                 0      0      1D      12        0.0%


Microchip Technology PIC Macro Assembler V2.32 build 20210201212658 
Symbol Table                                                                                   Wed Apr 14 22:45:42 2021

         ___bmul@product 0021                       l74 0145             ___awdiv@sign 0025  
                    l121 01E5                      l115 01EB                      l124 01C2  
                    l127 019D                      l239 021D                      l366 007F  
                    _RB0 0030                      _RB1 0031                      _RB4 0034  
                    _RB5 0035                      _RB6 0036                      u400 0029  
                    u401 0028                      u410 003A                      u411 0039  
                    u430 004C                      u431 004B                      u425 003E  
                    u450 005D                      u370 020F                      u451 005C  
                    u371 020E                      u380 021C          decimal@variable 002B  
                    u445 004D                      u381 021B                      u470 0071  
                    u390 001E                      u471 0070                      u455 0059  
                    u391 001D                      u480 0076                      u481 0075  
                    u465 0065                      _isr 0080                      fsr0 0004  
                   l1211 00F9                     l1203 00E9                     l1301 0163  
                   l1221 0112                     l1213 00FE                     l1205 00EA  
                   l1061 01CE                     l1053 01C3                     l1303 0173  
                   l1223 0117                     l1215 0103                     l1207 00EF  
                   l1071 01E1                     l1063 01D9                     l1055 01CA  
                   l1311 01F3                     l1241 020B                     l1305 0189  
                   l1217 0108                     l1209 00F4                     l1073 01E2  
                   l1065 01DC                     l1057 01CC                     l1243 020F  
                   l1219 010D                     l1227 011C                     l1307 01A1  
                   l1075 01E3                     l1067 01DF                     l1059 01CD  
                   l1261 0025                     l1253 0017                     l1245 0213  
                   l1229 0144                     l1069 01E0                     l1309 01E6  
                   l1271 003A                     l1263 0029                     l1255 001A  
                   l1247 0215                     l1239 020A                     l1281 005D  
                   l1273 003D                     l1265 002E                     l1257 001E  
                   l1249 021C                     l1291 0076                     l1283 0063  
                   l1275 0044                     l1267 0032                     l1259 0023  
                   l1293 007B                     l1285 0064                     l1277 0048  
                   l1269 0034                     l1373 0124                     l1287 006B  
                   l1279 004C                     l1289 0071                     l1297 0149  
                   l1299 014D                     ?_isr 0070                     _T0IF 005A  
                   _IOCB 0096                     _RBIF 0058                     i1l97 00B3  
                   _TMR0 0001                     _WPUB 0095                     _main 01E6  
                   btemp 007E                     start 000E        ___bmul@multiplier 0022  
                  ??_isr 0070                    ?_main 0070          __end_of___awdiv 0080  
                  _ANSEL 0188          ___awdiv@divisor 0020                    i1l110 00DD  
        ___awdiv@counter 0024                    u31_20 0084                    u31_21 0083  
                  u32_20 00B7                    u32_21 00B6                    u33_20 00BD  
                  u33_21 00BC                    u34_20 00C5                    u34_21 00C4  
                  u35_20 00CE                    u35_21 00CD                    _PORTA 0005  
                  _PORTB 0006                    _PORTC 0007                    _PORTD 0008  
                  _PORTE 0009                    u36_20 00D9                    u36_21 00D8  
                  _TRISA 0085                    _TRISB 0086                    _TRISC 0087  
                  _TRISD 0088                    _TRISE 0089          __end_of_decimal 019E  
                  _disp0 0030                    _disp1 002F                    _disp2 002E  
                  _table 00E6                    _valor 0078                    _setup 01C3  
                  pclath 000A                    status 0003                    wtemp0 007E  
        __initialization 0011             __end_of_main 0207                   ??_main 002C  
                 ?_table 0070         ___awdiv@dividend 0022                   ?_setup 0070  
                 _ANSELH 0189                   i1l1101 0091                   i1l1111 009B  
                 i1l1103 0092                   i1l1121 00B7                   i1l1113 009D  
                 i1l1105 0097                   i1l1131 00CA                   i1l1123 00BD  
                 i1l1115 009E                   i1l1107 0099                   i1l1141 00DC  
                 i1l1133 00CE                   i1l1125 00C0                   i1l1135 00D3  
                 i1l1127 00C5                   i1l1119 00A0                   i1l1137 00D9  
                 i1l1129 00C9                   i1l1139 00DB                   i1l1091 0084  
                 i1l1093 0088                   i1l1095 0089                   i1l1097 008D  
                 i1l1089 0080                   i1l1099 008F                   i1l1375 00A8  
                 _INTCON 000B            dispasign@arg1 0026            dispasign@arg2 0024  
          dispasign@arg3 0025                   ___bmul 0207                ??___awdiv 0075  
              ??_decimal 0028         ___awdiv@quotient 0026                   saved_w 007E  
__end_of__initialization 0013      ___bmul@multiplicand 0075           __pcstackCOMMON 0070  
          __end_of_table 0146            __end_of_setup 01E6       __size_of_dispasign 0025  
                ??_table 0020                  ??_setup 0075               __pnvCOMMON 0078  
             __pmaintext 01E6                  ?___bmul 0075               __pintentry 0004  
      __end_of_dispasign 01C3          __size_of___bmul 0017                  ___awdiv 0017  
                _decenas 0032                  _decimal 0146                  __ptext1 01C3  
                __ptext2 019E                  __ptext3 00E6                  __ptext4 0146  
                __ptext5 0207                  __ptext6 0017                  __ptext7 0080  
                _flagint 0077             __size_of_isr 0066     end_of_initialization 0013  
         __end_of___bmul 021E      start_initialization 0011              __end_of_isr 00E6  
               ??___bmul 0020               table@tempo 0023              __pbssCOMMON 0076  
              ___latbits 0002            __pcstackBANK0 0020                __pnvBANK0 002E  
               ?___awdiv 0020                 ?_decimal 0070                _dispasign 019E  
         __size_of_table 0060           __size_of_setup 0023        interrupt_function 0004  
              _multiplex 0076               ?_dispasign 0024         __size_of___awdiv 0069  
       __size_of_decimal 0058                 _centenas 0033            __size_of_main 0021  
               _unidades 0031              ??_dispasign 0075               _INTCONbits 000B  
               table@val 0022                 intlevel1 0000               _OSCCONbits 008F  
             _OPTION_REG 0081  
