

Microchip MPLAB XC8 Assembler V2.32 build 20210201212658 
                                                                                               Tue May 04 11:33:04 2021

Microchip MPLAB XC8 C Compiler v2.32 (Free license) build 20210201212658 Og1 
     1                           	processor	16F887
     2                           	pagewidth 120
     3                           	opt	flic
     4                           	psect	cinit,global,class=CODE,merge=1,delta=2
     5                           	psect	cstackCOMMON,global,class=COMMON,space=1,delta=1,noexec
     6                           	psect	maintext,global,class=CODE,split=1,delta=2
     7                           	psect	text1,local,class=CODE,merge=1,delta=2
     8                           	psect	text2,local,class=CODE,merge=1,delta=2
     9                           	psect	intentry,global,class=CODE,delta=2
    10                           	psect	config,global,abs,ovrld,class=CONFIG,space=4,delta=2,noexec
    11                           	dabs	1,0x7E,2
    12  0000                     
    13                           ; Version 2.20
    14                           ; Generated 12/02/2020 GMT
    15                           ; 
    16                           ; Copyright © 2020, Microchip Technology Inc. and its subsidiaries ("Microchip")
    17                           ; All rights reserved.
    18                           ; 
    19                           ; This software is developed by Microchip Technology Inc. and its subsidiaries ("Microch
      +                          ip").
    20                           ; 
    21                           ; Redistribution and use in source and binary forms, with or without modification, are
    22                           ; permitted provided that the following conditions are met:
    23                           ; 
    24                           ;     1. Redistributions of source code must retain the above copyright notice, this lis
      +                          t of
    25                           ;        conditions and the following disclaimer.
    26                           ; 
    27                           ;     2. Redistributions in binary form must reproduce the above copyright notice, this 
      +                          list
    28                           ;        of conditions and the following disclaimer in the documentation and/or other
    29                           ;        materials provided with the distribution.
    30                           ; 
    31                           ;     3. Microchip's name may not be used to endorse or promote products derived from th
      +                          is
    32                           ;        software without specific prior written permission.
    33                           ; 
    34                           ; THIS SOFTWARE IS PROVIDED BY MICROCHIP "AS IS" AND ANY EXPRESS OR IMPLIED WARRANTIES,
    35                           ; INCLUDING, BUT NOT LIMITED TO, THE IMPLIED WARRANTIES OF MERCHANTABILITY AND FITNESS F
      +                          OR
    36                           ; PURPOSE ARE DISCLAIMED.  IN NO EVENT SHALL MICROCHIP BE LIABLE FOR ANY DIRECT, INDIREC
      +                          T,
    37                           ; INCIDENTAL, SPECIAL, EXEMPLARY, OR CONSEQUENTIAL DAMAGES (INCLUDING BUT NOT LIMITED TO
    38                           ; PROCUREMENT OF SUBSTITUTE GOODS OR SERVICES; LOSS OF USE, DATA OR PROFITS; OR BUSINESS
    39                           ; INTERRUPTION) HOWSOEVER CAUSED AND ON ANY THEORY OF LIABILITY, WHETHER IN CONTRACT, ST
      +                          RICT
    40                           ; LIABILITY, OR TORT (INCLUDING NEGLIGENCE OR OTHERWISE) ARISING IN ANY WAY OUT OF THE U
      +                          SE OF
    41                           ; THIS SOFTWARE, EVEN IF ADVISED OF THE POSSIBILITY OF SUCH DAMAGE.
    42                           ; 
    43                           ; 
    44                           ; Code-generator required, PIC16F887 Definitions
    45                           ; 
    46                           ; SFR Addresses
    47  0000                     	;# 
    48  0001                     	;# 
    49  0002                     	;# 
    50  0003                     	;# 
    51  0004                     	;# 
    52  0005                     	;# 
    53  0006                     	;# 
    54  0007                     	;# 
    55  0008                     	;# 
    56  0009                     	;# 
    57  000A                     	;# 
    58  000B                     	;# 
    59  000C                     	;# 
    60  000D                     	;# 
    61  000E                     	;# 
    62  000E                     	;# 
    63  000F                     	;# 
    64  0010                     	;# 
    65  0011                     	;# 
    66  0012                     	;# 
    67  0013                     	;# 
    68  0014                     	;# 
    69  0015                     	;# 
    70  0015                     	;# 
    71  0016                     	;# 
    72  0017                     	;# 
    73  0018                     	;# 
    74  0019                     	;# 
    75  001A                     	;# 
    76  001B                     	;# 
    77  001B                     	;# 
    78  001C                     	;# 
    79  001D                     	;# 
    80  001E                     	;# 
    81  001F                     	;# 
    82  0081                     	;# 
    83  0085                     	;# 
    84  0086                     	;# 
    85  0087                     	;# 
    86  0088                     	;# 
    87  0089                     	;# 
    88  008C                     	;# 
    89  008D                     	;# 
    90  008E                     	;# 
    91  008F                     	;# 
    92  0090                     	;# 
    93  0091                     	;# 
    94  0092                     	;# 
    95  0093                     	;# 
    96  0093                     	;# 
    97  0093                     	;# 
    98  0094                     	;# 
    99  0095                     	;# 
   100  0096                     	;# 
   101  0097                     	;# 
   102  0098                     	;# 
   103  0099                     	;# 
   104  009A                     	;# 
   105  009B                     	;# 
   106  009C                     	;# 
   107  009D                     	;# 
   108  009E                     	;# 
   109  009F                     	;# 
   110  0105                     	;# 
   111  0107                     	;# 
   112  0108                     	;# 
   113  0109                     	;# 
   114  010C                     	;# 
   115  010C                     	;# 
   116  010D                     	;# 
   117  010E                     	;# 
   118  010F                     	;# 
   119  0185                     	;# 
   120  0187                     	;# 
   121  0188                     	;# 
   122  0189                     	;# 
   123  018C                     	;# 
   124  018D                     	;# 
   125  0000                     	;# 
   126  0001                     	;# 
   127  0002                     	;# 
   128  0003                     	;# 
   129  0004                     	;# 
   130  0005                     	;# 
   131  0006                     	;# 
   132  0007                     	;# 
   133  0008                     	;# 
   134  0009                     	;# 
   135  000A                     	;# 
   136  000B                     	;# 
   137  000C                     	;# 
   138  000D                     	;# 
   139  000E                     	;# 
   140  000E                     	;# 
   141  000F                     	;# 
   142  0010                     	;# 
   143  0011                     	;# 
   144  0012                     	;# 
   145  0013                     	;# 
   146  0014                     	;# 
   147  0015                     	;# 
   148  0015                     	;# 
   149  0016                     	;# 
   150  0017                     	;# 
   151  0018                     	;# 
   152  0019                     	;# 
   153  001A                     	;# 
   154  001B                     	;# 
   155  001B                     	;# 
   156  001C                     	;# 
   157  001D                     	;# 
   158  001E                     	;# 
   159  001F                     	;# 
   160  0081                     	;# 
   161  0085                     	;# 
   162  0086                     	;# 
   163  0087                     	;# 
   164  0088                     	;# 
   165  0089                     	;# 
   166  008C                     	;# 
   167  008D                     	;# 
   168  008E                     	;# 
   169  008F                     	;# 
   170  0090                     	;# 
   171  0091                     	;# 
   172  0092                     	;# 
   173  0093                     	;# 
   174  0093                     	;# 
   175  0093                     	;# 
   176  0094                     	;# 
   177  0095                     	;# 
   178  0096                     	;# 
   179  0097                     	;# 
   180  0098                     	;# 
   181  0099                     	;# 
   182  009A                     	;# 
   183  009B                     	;# 
   184  009C                     	;# 
   185  009D                     	;# 
   186  009E                     	;# 
   187  009F                     	;# 
   188  0105                     	;# 
   189  0107                     	;# 
   190  0108                     	;# 
   191  0109                     	;# 
   192  010C                     	;# 
   193  010C                     	;# 
   194  010D                     	;# 
   195  010E                     	;# 
   196  010F                     	;# 
   197  0185                     	;# 
   198  0187                     	;# 
   199  0188                     	;# 
   200  0189                     	;# 
   201  018C                     	;# 
   202  018D                     	;# 
   203  000D                     _PIR2	set	13
   204  000C                     _PIR1	set	12
   205  0009                     _PORTE	set	9
   206  0008                     _PORTD	set	8
   207  0007                     _PORTC	set	7
   208  0005                     _PORTA	set	5
   209  000B                     _INTCON	set	11
   210  0018                     _RCSTAbits	set	24
   211  0019                     _TXREG	set	25
   212  001A                     _RCREG	set	26
   213  0006                     _PORTB	set	6
   214  0064                     _TXIF	set	100
   215  0065                     _RCIF	set	101
   216  008D                     _PIE2	set	141
   217  008C                     _PIE1	set	140
   218  009A                     _SPBRGH	set	154
   219  0099                     _SPBRG	set	153
   220  0098                     _TXSTAbits	set	152
   221  008F                     _OSCCONbits	set	143
   222  0081                     _OPTION_REG	set	129
   223  0089                     _TRISE	set	137
   224  0088                     _TRISD	set	136
   225  0087                     _TRISC	set	135
   226  0086                     _TRISB	set	134
   227  0085                     _TRISA	set	133
   228  0187                     _BAUDCTLbits	set	391
   229  0189                     _ANSELH	set	393
   230  0188                     _ANSEL	set	392
   231                           
   232                           	psect	cinit
   233  000F                     start_initialization:	
   234                           ; #config settings
   235                           
   236  000F                     __initialization:
   237  000F                     end_of_initialization:	
   238                           ;End of C runtime variable initialization code
   239                           
   240  000F                     __end_of__initialization:
   241  000F  0183               	clrf	3
   242  0010  120A  118A  2847   	ljmp	_main	;jump to C main() function
   243                           
   244                           	psect	cstackCOMMON
   245  0070                     __pcstackCOMMON:
   246  0070                     ?_setup:
   247  0070                     ?_isr:	
   248                           ; 1 bytes @ 0x0
   249                           
   250  0070                     ??_isr:	
   251                           ; 1 bytes @ 0x0
   252                           
   253  0070                     ?_main:	
   254                           ; 1 bytes @ 0x0
   255                           
   256                           
   257                           ; 1 bytes @ 0x0
   258  0070                     	ds	2
   259  0072                     ??_setup:
   260  0072                     ??_main:	
   261                           ; 1 bytes @ 0x2
   262                           
   263                           
   264                           ; 1 bytes @ 0x2
   265  0072                     	ds	3
   266                           
   267                           	psect	maintext
   268  0047                     __pmaintext:	
   269 ;;
   270 ;;Main: autosize = 0, tempsize = 3, incstack = 0, save=0
   271 ;;
   272 ;; *************** function _main *****************
   273 ;; Defined at:
   274 ;;		line 166 in file "MainP2.c"
   275 ;; Parameters:    Size  Location     Type
   276 ;;		None
   277 ;; Auto vars:     Size  Location     Type
   278 ;;		None
   279 ;; Return value:  Size  Location     Type
   280 ;;                  1    wreg      void 
   281 ;; Registers used:
   282 ;;		wreg, status,2, status,0, pclath, cstack
   283 ;; Tracked objects:
   284 ;;		On entry : B00/0
   285 ;;		On exit  : 0/0
   286 ;;		Unchanged: 0/0
   287 ;; Data sizes:     COMMON   BANK0   BANK1   BANK3   BANK2
   288 ;;      Params:         0       0       0       0       0
   289 ;;      Locals:         0       0       0       0       0
   290 ;;      Temps:          3       0       0       0       0
   291 ;;      Totals:         3       0       0       0       0
   292 ;;Total ram usage:        3 bytes
   293 ;; Hardware stack levels required when called: 2
   294 ;; This function calls:
   295 ;;		_setup
   296 ;; This function is called by:
   297 ;;		Startup code after reset
   298 ;; This function uses a non-reentrant model
   299 ;;
   300                           
   301                           
   302                           ;psect for function _main
   303  0047                     _main:
   304  0047                     l728:	
   305                           ;incstack = 0
   306                           ; Regs used in _main: [wreg+status,2+status,0+pclath+cstack]
   307                           
   308                           
   309                           ;MainP2.c: 167:     setup();
   310  0047  120A  118A  2013  120A  118A  	fcall	_setup
   311  004C                     l730:
   312                           
   313                           ;MainP2.c: 172:    if(TXIF == 1){
   314  004C  1283               	bcf	3,5	;RP0=0, select bank0
   315  004D  1303               	bcf	3,6	;RP1=0, select bank0
   316  004E  1E0C               	btfss	12,4	;volatile
   317  004F  2851               	goto	u21
   318  0050  2852               	goto	u20
   319  0051                     u21:
   320  0051  2854               	goto	l72
   321  0052                     u20:
   322  0052                     l732:
   323                           
   324                           ;MainP2.c: 173:         TXREG = 97;
   325  0052  3061               	movlw	97
   326  0053  0099               	movwf	25	;volatile
   327  0054                     l72:	
   328                           ;MainP2.c: 174:     }
   329                           
   330                           
   331                           ;MainP2.c: 175:    _delay((unsigned long)((500)*(4000000/4000.0)));
   332  0054  3003               	movlw	3
   333  0055  00F4               	movwf	??_main+2
   334  0056  308A               	movlw	138
   335  0057  00F3               	movwf	??_main+1
   336  0058  3055               	movlw	85
   337  0059  00F2               	movwf	??_main
   338  005A                     u37:
   339  005A  0BF2               	decfsz	??_main,f
   340  005B  285A               	goto	u37
   341  005C  0BF3               	decfsz	??_main+1,f
   342  005D  285A               	goto	u37
   343  005E  0BF4               	decfsz	??_main+2,f
   344  005F  285A               	goto	u37
   345  0060  2861               	nop2
   346  0061  284C               	goto	l730
   347  0062  120A  118A  280C   	ljmp	start
   348  0065                     __end_of_main:
   349                           
   350                           	psect	text1
   351  0013                     __ptext1:	
   352 ;; *************** function _setup *****************
   353 ;; Defined at:
   354 ;;		line 183 in file "MainP2.c"
   355 ;; Parameters:    Size  Location     Type
   356 ;;		None
   357 ;; Auto vars:     Size  Location     Type
   358 ;;		None
   359 ;; Return value:  Size  Location     Type
   360 ;;                  1    wreg      void 
   361 ;; Registers used:
   362 ;;		wreg, status,2, status,0
   363 ;; Tracked objects:
   364 ;;		On entry : 0/0
   365 ;;		On exit  : 0/0
   366 ;;		Unchanged: 0/0
   367 ;; Data sizes:     COMMON   BANK0   BANK1   BANK3   BANK2
   368 ;;      Params:         0       0       0       0       0
   369 ;;      Locals:         0       0       0       0       0
   370 ;;      Temps:          0       0       0       0       0
   371 ;;      Totals:         0       0       0       0       0
   372 ;;Total ram usage:        0 bytes
   373 ;; Hardware stack levels used: 1
   374 ;; Hardware stack levels required when called: 1
   375 ;; This function calls:
   376 ;;		Nothing
   377 ;; This function is called by:
   378 ;;		_main
   379 ;; This function uses a non-reentrant model
   380 ;;
   381                           
   382                           
   383                           ;psect for function _setup
   384  0013                     _setup:
   385  0013                     l670:	
   386                           ;incstack = 0
   387                           ; Regs used in _setup: [wreg+status,2+status,0]
   388                           
   389                           
   390                           ;MainP2.c: 185:   ANSEL = 0b00000000;
   391  0013  1683               	bsf	3,5	;RP0=1, select bank3
   392  0014  1703               	bsf	3,6	;RP1=1, select bank3
   393  0015  0188               	clrf	8	;volatile
   394                           
   395                           ;MainP2.c: 186:   ANSELH = 0b00000000;
   396  0016  0189               	clrf	9	;volatile
   397                           
   398                           ;MainP2.c: 188:   TRISA = 0b00000000;
   399  0017  1683               	bsf	3,5	;RP0=1, select bank1
   400  0018  1303               	bcf	3,6	;RP1=0, select bank1
   401  0019  0185               	clrf	5	;volatile
   402                           
   403                           ;MainP2.c: 189:   TRISB = 0b00000000;
   404  001A  0186               	clrf	6	;volatile
   405  001B                     l672:
   406                           
   407                           ;MainP2.c: 190:   TRISC = 0b10000000;
   408  001B  3080               	movlw	128
   409  001C  0087               	movwf	7	;volatile
   410  001D                     l674:
   411                           
   412                           ;MainP2.c: 191:   TRISD = 0x00;
   413  001D  0188               	clrf	8	;volatile
   414  001E                     l676:
   415                           
   416                           ;MainP2.c: 192:   TRISE = 0x00;
   417  001E  0189               	clrf	9	;volatile
   418  001F                     l678:
   419                           
   420                           ;MainP2.c: 197:   OPTION_REG = 0b11000100;
   421  001F  30C4               	movlw	196
   422  0020  0081               	movwf	1	;volatile
   423  0021                     l680:
   424                           
   425                           ;MainP2.c: 216:   OSCCONbits.IRCF = 0b110;
   426  0021  080F               	movf	15,w	;volatile
   427  0022  398F               	andlw	-113
   428  0023  3860               	iorlw	96
   429  0024  008F               	movwf	15	;volatile
   430  0025                     l682:
   431                           
   432                           ;MainP2.c: 217:   OSCCONbits.SCS = 1;
   433  0025  140F               	bsf	15,0	;volatile
   434  0026                     l684:
   435                           
   436                           ;MainP2.c: 226:   TXSTAbits.SYNC = 0;
   437  0026  1218               	bcf	24,4	;volatile
   438  0027                     l686:
   439                           
   440                           ;MainP2.c: 227:   TXSTAbits.BRGH = 1;
   441  0027  1518               	bsf	24,2	;volatile
   442  0028                     l688:
   443                           
   444                           ;MainP2.c: 228:   TXSTAbits.TX9 = 0;
   445  0028  1318               	bcf	24,6	;volatile
   446  0029                     l690:
   447                           
   448                           ;MainP2.c: 229:   TXSTAbits.TXEN= 1;
   449  0029  1698               	bsf	24,5	;volatile
   450  002A                     l692:
   451                           
   452                           ;MainP2.c: 230:   RCSTAbits.SPEN = 1;
   453  002A  1283               	bcf	3,5	;RP0=0, select bank0
   454  002B  1303               	bcf	3,6	;RP1=0, select bank0
   455  002C  1798               	bsf	24,7	;volatile
   456  002D                     l694:
   457                           
   458                           ;MainP2.c: 233:   RCSTAbits.RX9 = 0;
   459  002D  1318               	bcf	24,6	;volatile
   460  002E                     l696:
   461                           
   462                           ;MainP2.c: 234:   RCSTAbits.CREN = 1;
   463  002E  1618               	bsf	24,4	;volatile
   464  002F                     l698:
   465                           
   466                           ;MainP2.c: 237:     BAUDCTLbits.BRG16 = 0;
   467  002F  1683               	bsf	3,5	;RP0=1, select bank3
   468  0030  1703               	bsf	3,6	;RP1=1, select bank3
   469  0031  1187               	bcf	7,3	;volatile
   470  0032                     l700:
   471                           
   472                           ;MainP2.c: 238:     SPBRG =25;
   473  0032  3019               	movlw	25
   474  0033  1683               	bsf	3,5	;RP0=1, select bank1
   475  0034  1303               	bcf	3,6	;RP1=0, select bank1
   476  0035  0099               	movwf	25	;volatile
   477  0036                     l702:
   478                           
   479                           ;MainP2.c: 239:     SPBRGH = 1;
   480  0036  3001               	movlw	1
   481  0037  009A               	movwf	26	;volatile
   482  0038                     l704:
   483                           
   484                           ;MainP2.c: 243:   INTCON = 0b11000000;
   485  0038  30C0               	movlw	192
   486  0039  008B               	movwf	11	;volatile
   487  003A                     l706:
   488                           
   489                           ;MainP2.c: 244:   PIE1 = 0b00100000;
   490  003A  3020               	movlw	32
   491  003B  008C               	movwf	12	;volatile
   492  003C                     l708:
   493                           
   494                           ;MainP2.c: 245:   PIE2 = 0b00000000;
   495  003C  018D               	clrf	13	;volatile
   496  003D                     l710:
   497                           
   498                           ;MainP2.c: 249:   PORTA = 0x00;
   499  003D  1283               	bcf	3,5	;RP0=0, select bank0
   500  003E  1303               	bcf	3,6	;RP1=0, select bank0
   501  003F  0185               	clrf	5	;volatile
   502  0040                     l712:
   503                           
   504                           ;MainP2.c: 250:   PORTB = 0x00;
   505  0040  0186               	clrf	6	;volatile
   506  0041                     l714:
   507                           
   508                           ;MainP2.c: 251:   PORTC = 0x00;
   509  0041  0187               	clrf	7	;volatile
   510  0042                     l716:
   511                           
   512                           ;MainP2.c: 252:   PORTD = 0x00;
   513  0042  0188               	clrf	8	;volatile
   514  0043                     l718:
   515                           
   516                           ;MainP2.c: 253:   PORTE = 0x00;
   517  0043  0189               	clrf	9	;volatile
   518  0044                     l720:
   519                           
   520                           ;MainP2.c: 254:   PIR1 = 0x00;
   521  0044  018C               	clrf	12	;volatile
   522  0045                     l722:
   523                           
   524                           ;MainP2.c: 255:   PIR2 = 0x00;
   525  0045  018D               	clrf	13	;volatile
   526  0046                     l78:
   527  0046  0008               	return
   528  0047                     __end_of_setup:
   529                           
   530                           	psect	text2
   531  0065                     __ptext2:	
   532 ;; *************** function _isr *****************
   533 ;; Defined at:
   534 ;;		line 119 in file "MainP2.c"
   535 ;; Parameters:    Size  Location     Type
   536 ;;		None
   537 ;; Auto vars:     Size  Location     Type
   538 ;;		None
   539 ;; Return value:  Size  Location     Type
   540 ;;                  1    wreg      void 
   541 ;; Registers used:
   542 ;;		wreg
   543 ;; Tracked objects:
   544 ;;		On entry : 0/0
   545 ;;		On exit  : 0/0
   546 ;;		Unchanged: 0/0
   547 ;; Data sizes:     COMMON   BANK0   BANK1   BANK3   BANK2
   548 ;;      Params:         0       0       0       0       0
   549 ;;      Locals:         0       0       0       0       0
   550 ;;      Temps:          2       0       0       0       0
   551 ;;      Totals:         2       0       0       0       0
   552 ;;Total ram usage:        2 bytes
   553 ;; Hardware stack levels used: 1
   554 ;; This function calls:
   555 ;;		Nothing
   556 ;; This function is called by:
   557 ;;		Interrupt level 1
   558 ;; This function uses a non-reentrant model
   559 ;;
   560                           
   561                           
   562                           ;psect for function _isr
   563  0065                     _isr:
   564  0065                     i1l724:
   565                           
   566                           ;MainP2.c: 161:     if(RCIF == 1){
   567  0065  1283               	bcf	3,5	;RP0=0, select bank0
   568  0066  1303               	bcf	3,6	;RP1=0, select bank0
   569  0067  1E8C               	btfss	12,5	;volatile
   570  0068  286A               	goto	u1_21
   571  0069  286B               	goto	u1_20
   572  006A                     u1_21:
   573  006A  286D               	goto	i1l66
   574  006B                     u1_20:
   575  006B                     i1l726:
   576                           
   577                           ;MainP2.c: 162:         PORTB = RCREG;
   578  006B  081A               	movf	26,w	;volatile
   579  006C  0086               	movwf	6	;volatile
   580  006D                     i1l66:
   581  006D  0871               	movf	??_isr+1,w
   582  006E  008A               	movwf	10
   583  006F  0E70               	swapf	??_isr,w
   584  0070  0083               	movwf	3
   585  0071  0EFE               	swapf	btemp,f
   586  0072  0E7E               	swapf	btemp,w
   587  0073  0009               	retfie
   588  0074                     __end_of_isr:
   589  007E                     btemp	set	126	;btemp
   590  007E                     wtemp0	set	126
   591                           
   592                           	psect	intentry
   593  0004                     __pintentry:	
   594                           ;incstack = 0
   595                           ; Regs used in _isr: [wreg]
   596                           
   597  0004                     interrupt_function:
   598  007E                     saved_w	set	btemp
   599  0004  00FE               	movwf	btemp
   600  0005  0E03               	swapf	3,w
   601  0006  00F0               	movwf	??_isr
   602  0007  080A               	movf	10,w
   603  0008  00F1               	movwf	??_isr+1
   604  0009  120A  118A  2865   	ljmp	_isr
   605                           
   606                           	psect	config
   607                           
   608                           ;Config register CONFIG1 @ 0x2007
   609                           ;	Oscillator Selection bits
   610                           ;	FOSC = INTRC_NOCLKOUT, INTOSCIO oscillator: I/O function on RA6/OSC2/CLKOUT pin, I/O f
      +                          unction on RA7/OSC1/CLKIN
   611                           ;	Watchdog Timer Enable bit
   612                           ;	WDTE = OFF, WDT disabled and can be enabled by SWDTEN bit of the WDTCON register
   613                           ;	Power-up Timer Enable bit
   614                           ;	PWRTE = OFF, PWRT disabled
   615                           ;	RE3/MCLR pin function select bit
   616                           ;	MCLRE = OFF, RE3/MCLR pin function is digital input, MCLR internally tied to VDD
   617                           ;	Code Protection bit
   618                           ;	CP = OFF, Program memory code protection is disabled
   619                           ;	Data Code Protection bit
   620                           ;	CPD = OFF, Data memory code protection is disabled
   621                           ;	Brown Out Reset Selection bits
   622                           ;	BOREN = OFF, BOR disabled
   623                           ;	Internal External Switchover bit
   624                           ;	IESO = OFF, Internal/External Switchover mode is disabled
   625                           ;	Fail-Safe Clock Monitor Enabled bit
   626                           ;	FCMEN = OFF, Fail-Safe Clock Monitor is disabled
   627                           ;	Low Voltage Programming Enable bit
   628                           ;	LVP = OFF, RB3 pin has digital I/O, HV on MCLR must be used for programming
   629                           ;	In-Circuit Debugger Mode bit
   630                           ;	DEBUG = 0x1, unprogrammed default
   631  2007                     	org	8199
   632  2007  20D4               	dw	8404
   633                           
   634                           ;Config register CONFIG2 @ 0x2008
   635                           ;	Brown-out Reset Selection bit
   636                           ;	BOR4V = BOR40V, Brown-out Reset set to 4.0V
   637                           ;	Flash Program Memory Self Write Enable bits
   638                           ;	WRT = OFF, Write protection off
   639  2008                     	org	8200
   640  2008  3FFF               	dw	16383

Data Sizes:
    Strings     0
    Constant    0
    Data        0
    BSS         0
    Persistent  0
    Stack       0

Auto Spaces:
    Space          Size  Autos    Used
    COMMON           14      5       5
    BANK0            80      0       0
    BANK1            80      0       0
    BANK3            96      0       0
    BANK2            96      0       0

Pointer List with Targets:

    None.

Critical Paths under _main in COMMON

    None.

Critical Paths under _isr in COMMON

    None.

Critical Paths under _main in BANK0

    None.

Critical Paths under _isr in BANK0

    None.

Critical Paths under _main in BANK1

    None.

Critical Paths under _isr in BANK1

    None.

Critical Paths under _main in BANK3

    None.

Critical Paths under _isr in BANK3

    None.

Critical Paths under _main in BANK2

    None.

Critical Paths under _isr in BANK2

    None.

Call Graph Tables:

 ---------------------------------------------------------------------------------
 (Depth) Function   	        Calls       Base Space   Used Autos Params    Refs
 ---------------------------------------------------------------------------------
 (0) _main                                                 3     3      0       0
                                              2 COMMON     3     3      0
                              _setup
 ---------------------------------------------------------------------------------
 (1) _setup                                                0     0      0       0
 ---------------------------------------------------------------------------------
 Estimated maximum stack depth 1
 ---------------------------------------------------------------------------------
 (Depth) Function   	        Calls       Base Space   Used Autos Params    Refs
 ---------------------------------------------------------------------------------
 (2) _isr                                                  2     2      0       0
                                              0 COMMON     2     2      0
 ---------------------------------------------------------------------------------
 Estimated maximum stack depth 2
 ---------------------------------------------------------------------------------

 Call Graph Graphs:

 _main (ROOT)
   _setup

 _isr (ROOT)

 Address spaces:
Name               Size   Autos  Total    Cost      Usage
BITCOMMON            E      0       0       0        0.0%
EEDATA             100      0       0       0        0.0%
NULL                 0      0       0       0        0.0%
CODE                 0      0       0       0        0.0%
COMMON               E      5       5       1       35.7%
BITSFR0              0      0       0       1        0.0%
SFR0                 0      0       0       1        0.0%
BITSFR1              0      0       0       2        0.0%
SFR1                 0      0       0       2        0.0%
STACK                0      0       0       2        0.0%
ABS                  0      0       0       3        0.0%
BITBANK0            50      0       0       4        0.0%
BITSFR3              0      0       0       4        0.0%
SFR3                 0      0       0       4        0.0%
BANK0               50      0       0       5        0.0%
BITSFR2              0      0       0       5        0.0%
SFR2                 0      0       0       5        0.0%
BITBANK1            50      0       0       6        0.0%
BANK1               50      0       0       7        0.0%
BITBANK3            60      0       0       8        0.0%
BANK3               60      0       0       9        0.0%
BITBANK2            60      0       0      10        0.0%
BANK2               60      0       0      11        0.0%
DATA                 0      0       0      12        0.0%


Microchip Technology PIC Macro Assembler V2.32 build 20210201212658 
Symbol Table                                                                                   Tue May 04 11:33:04 2021

                     l72 0054                       l78 0046                       u20 0052  
                     u21 0051                       u37 005A                      l700 0032  
                    l710 003D                      l702 0036                      l720 0044  
                    l712 0040                      l704 0038                      l722 0045  
                    l714 0041                      l706 003A                      l730 004C  
                    l716 0042                      l708 003C                      l732 0052  
                    l718 0043                      l670 0013                      l680 0021  
                    l672 001B                      l728 0047                      l690 0029  
                    l682 0025                      l674 001D                      l692 002A  
                    l684 0026                      l676 001E                      l694 002D  
                    l686 0027                      l678 001F                      l696 002E  
                    l688 0028                      l698 002F                      _isr 0065  
                   ?_isr 0070                     _PIE1 008C                     _PIE2 008D  
                   _RCIF 0065                     _PIR1 000C                     i1l66 006D  
                   _PIR2 000D                     _TXIF 0064                     u1_20 006B  
                   u1_21 006A                     _main 0047                     btemp 007E  
                   start 000C                    ??_isr 0070                    ?_main 0070  
                  _ANSEL 0188                    i1l724 0065                    i1l726 006B  
                  _RCREG 001A                    _SPBRG 0099                    _PORTA 0005  
                  _PORTB 0006                    _PORTC 0007                    _PORTD 0008  
                  _PORTE 0009                    _TRISA 0085                    _TRISB 0086  
                  _TRISC 0087                    _TRISD 0088                    _TRISE 0089  
                  _TXREG 0019                    _setup 0013                    pclath 000A  
                  status 0003                    wtemp0 007E          __initialization 000F  
           __end_of_main 0065                   ??_main 0072                   ?_setup 0070  
                 _ANSELH 0189                   _INTCON 000B                   _SPBRGH 009A  
                 saved_w 007E  __end_of__initialization 000F           __pcstackCOMMON 0070  
          __end_of_setup 0047                  ??_setup 0072               __pmaintext 0047  
             __pintentry 0004                  __ptext1 0013                  __ptext2 0065  
           __size_of_isr 000F     end_of_initialization 000F                _RCSTAbits 0018  
              _TXSTAbits 0098              _BAUDCTLbits 0187      start_initialization 000F  
            __end_of_isr 0074                ___latbits 0002           __size_of_setup 0034  
      interrupt_function 0004            __size_of_main 001E                 intlevel1 0000  
             _OSCCONbits 008F               _OPTION_REG 0081  
